<?xml version="1.0" encoding="UTF-8"?>
<testsuite xmlns:xsi="http://www.w3.org/2001/XMLSchema-instance" xsi:noNamespaceSchemaLocation="https://maven.apache.org/surefire/maven-surefire-plugin/xsd/surefire-test-report-3.0.xsd" version="3.0" name="TestSuite" time="1.533" tests="25" errors="0" skipped="11" failures="10">
  <properties>
[...]
</properties>
  <testcase name="stub" classname="com.zensar.runner.InitializeExecution" time="0.002">
    <system-out><![CDATA[=============================Execution Start====================================
]]></system-out>
    <system-err><![CDATA[390 [main] WARN org.testng.internal.Configuration - Detected a static method [com.zensar.runner.InitializeExecution.initializeExecutionModel()]. Static configuration methods can cause unexpected behavior.
476 [main] WARN org.testng.internal.Configuration - Detected a static method [com.zensar.runner.InitializeExecution.initializeExecutionModel()]. Static configuration methods can cause unexpected behavior.
]]></system-err>
  </testcase>
  <testcase name="stub" classname="com.zensar.runner.InitializeExecution" time="0.0">
    <system-out><![CDATA[=============================Execution Start====================================	 >>>>>> (InitializeExecution.java:32)	16:09:49
]]></system-out>
  </testcase>
  <testcase name="stub" classname="com.zensar.runner.ConcludeExecution" time="0.0"/>
  <testcase name="stub" classname="com.zensar.runner.ConcludeExecution" time="0.0"/>
  <testcase name="setUpClass[not @42](0)" classname="com.zensar.runner.TestRunner1" time="0.021">
    <failure type="java.lang.ExceptionInInitializerError"><![CDATA[java.lang.ExceptionInInitializerError
	at com.zensar.runner.TestRunner1.setUpClass(TestRunner1.java:25)
	at java.base/jdk.internal.reflect.NativeMethodAccessorImpl.invoke0(Native Method)
	at java.base/jdk.internal.reflect.NativeMethodAccessorImpl.invoke(NativeMethodAccessorImpl.java:77)
	at java.base/jdk.internal.reflect.DelegatingMethodAccessorImpl.invoke(DelegatingMethodAccessorImpl.java:43)
	at java.base/java.lang.reflect.Method.invoke(Method.java:568)
	at org.testng.internal.invokers.MethodInvocationHelper.invokeMethod(MethodInvocationHelper.java:139)
	at org.testng.internal.invokers.MethodInvocationHelper.invokeMethodConsideringTimeout(MethodInvocationHelper.java:69)
	at org.testng.internal.invokers.ConfigInvoker.invokeConfigurationMethod(ConfigInvoker.java:393)
	at org.testng.internal.invokers.ConfigInvoker.invokeConfigurations(ConfigInvoker.java:326)
	at org.testng.internal.invokers.TestMethodWorker.invokeBeforeClassMethods(TestMethodWorker.java:180)
	at org.testng.internal.invokers.TestMethodWorker.run(TestMethodWorker.java:122)
	at java.base/java.util.ArrayList.forEach(ArrayList.java:1511)
	at org.testng.TestRunner.privateRun(TestRunner.java:819)
	at org.testng.TestRunner.run(TestRunner.java:619)
	at org.testng.SuiteRunner.runTest(SuiteRunner.java:443)
	at org.testng.SuiteRunner$SuiteWorker.run(SuiteRunner.java:481)
	at org.testng.internal.thread.ThreadUtil.lambda$execute$0(ThreadUtil.java:58)
	at java.base/java.util.concurrent.FutureTask.run(FutureTask.java:264)
	at java.base/java.util.concurrent.ThreadPoolExecutor.runWorker(ThreadPoolExecutor.java:1136)
	at java.base/java.util.concurrent.ThreadPoolExecutor$Worker.run(ThreadPoolExecutor.java:635)
	at java.base/java.lang.Thread.run(Thread.java:833)
Caused by: java.lang.reflect.InaccessibleObjectException: Unable to make sun.reflect.annotation.AnnotationInvocationHandler(java.lang.Class,java.util.Map) accessible: module java.base does not "opens sun.reflect.annotation" to unnamed module @1b52699c
	at java.base/java.lang.reflect.AccessibleObject.checkCanSetAccessible(AccessibleObject.java:354)
	at java.base/java.lang.reflect.AccessibleObject.checkCanSetAccessible(AccessibleObject.java:297)
	at java.base/java.lang.reflect.Constructor.checkCanSetAccessible(Constructor.java:188)
	at java.base/java.lang.reflect.Constructor.setAccessible(Constructor.java:181)
	at com.zensar.utilities.RuntimeAnnotations.<clinit>(RuntimeAnnotations.java:34)
	... 21 more
]]></failure>
  </testcase>
  <testcase name="teardown" classname="com.zensar.runner.TestRunner1" time="0.0">
    <skipped/>
    <system-out><![CDATA[No features found at [classpath:com/zensar/runner]	 >>>>>> (FeatureLoader.java:35)	16:09:50



0 Scenarios	 >>>>>> (Stats.java:109)	16:09:50
0 Scenarios	 >>>>>> (Stats.java:109)	16:09:50
0 Scenarios	 >>>>>> (Stats.java:109)	16:09:50
0 Steps	 >>>>>> (Stats.java:110)	16:09:50
0m0 Steps	 >>>>>> (Stats.java:110)	16:09:50
0m0 Steps	 >>>>>> (Stats.java:110)	16:09:50
0m0.206s	 >>>>>> (Stats.java:157)	16:09:50


0.206s	 >>>>>> (Stats.java:157)	16:09:50


0.078s	 >>>>>> (Stats.java:157)	16:09:50


]]></system-out>
    <system-err><![CDATA[1166 [TestNG-tests-3] WARN org.testng.internal.Utils - The test method 'com.zensar.runner.TestRunner1.feature' will be skipped since its data provider 'scenarios' returned an empty array or iterator. 
1166 [TestNG-tests-1] WARN org.testng.internal.Utils - The test method 'com.zensar.runner.TestRunner2.feature' will be skipped since its data provider 'scenarios' returned an empty array or iterator. 
1166 [TestNG-tests-2] WARN org.testng.internal.Utils - The test method 'com.zensar.runner.Debugger.feature' will be skipped since its data provider 'scenarios' returned an empty array or iterator. 
]]></system-err>
  </testcase>
  <testcase name="setUpClass[not @42](0)" classname="com.zensar.runner.Debugger" time="0.021">
    <failure message="Could not initialize class com.zensar.utilities.RuntimeAnnotations" type="java.lang.NoClassDefFoundError"><![CDATA[java.lang.NoClassDefFoundError: Could not initialize class com.zensar.utilities.RuntimeAnnotations
	at com.zensar.runner.Debugger.setUpClass(Debugger.java:25)
	at java.base/jdk.internal.reflect.NativeMethodAccessorImpl.invoke0(Native Method)
	at java.base/jdk.internal.reflect.NativeMethodAccessorImpl.invoke(NativeMethodAccessorImpl.java:77)
	at java.base/jdk.internal.reflect.DelegatingMethodAccessorImpl.invoke(DelegatingMethodAccessorImpl.java:43)
	at java.base/java.lang.reflect.Method.invoke(Method.java:568)
	at org.testng.internal.invokers.MethodInvocationHelper.invokeMethod(MethodInvocationHelper.java:139)
	at org.testng.internal.invokers.MethodInvocationHelper.invokeMethodConsideringTimeout(MethodInvocationHelper.java:69)
	at org.testng.internal.invokers.ConfigInvoker.invokeConfigurationMethod(ConfigInvoker.java:393)
	at org.testng.internal.invokers.ConfigInvoker.invokeConfigurations(ConfigInvoker.java:326)
	at org.testng.internal.invokers.TestMethodWorker.invokeBeforeClassMethods(TestMethodWorker.java:180)
	at org.testng.internal.invokers.TestMethodWorker.run(TestMethodWorker.java:122)
	at java.base/java.util.ArrayList.forEach(ArrayList.java:1511)
	at org.testng.TestRunner.privateRun(TestRunner.java:819)
	at org.testng.TestRunner.run(TestRunner.java:619)
	at org.testng.SuiteRunner.runTest(SuiteRunner.java:443)
	at org.testng.SuiteRunner$SuiteWorker.run(SuiteRunner.java:481)
	at org.testng.internal.thread.ThreadUtil.lambda$execute$0(ThreadUtil.java:58)
	at java.base/java.util.concurrent.FutureTask.run(FutureTask.java:264)
	at java.base/java.util.concurrent.ThreadPoolExecutor.runWorker(ThreadPoolExecutor.java:1136)
	at java.base/java.util.concurrent.ThreadPoolExecutor$Worker.run(ThreadPoolExecutor.java:635)
	at java.base/java.lang.Thread.run(Thread.java:833)
Caused by: java.lang.ExceptionInInitializerError: Exception java.lang.reflect.InaccessibleObjectException: Unable to make sun.reflect.annotation.AnnotationInvocationHandler(java.lang.Class,java.util.Map) accessible: module java.base does not "opens sun.reflect.annotation" to unnamed module @1b52699c [in thread "TestNG-tests-3"]
	at java.base/java.lang.reflect.AccessibleObject.checkCanSetAccessible(AccessibleObject.java:354)
	at java.base/java.lang.reflect.AccessibleObject.checkCanSetAccessible(AccessibleObject.java:297)
	at java.base/java.lang.reflect.Constructor.checkCanSetAccessible(Constructor.java:188)
	at java.base/java.lang.reflect.Constructor.setAccessible(Constructor.java:181)
	at com.zensar.utilities.RuntimeAnnotations.<clinit>(RuntimeAnnotations.java:34)
	at com.zensar.runner.TestRunner1.setUpClass(TestRunner1.java:25)
	... 20 more
]]></failure>
  </testcase>
  <testcase name="teardown" classname="com.zensar.runner.Debugger" time="0.0">
    <skipped/>
    <system-out><![CDATA[No features found at [classpath:com/zensar/runner]	 >>>>>> (FeatureLoader.java:35)	16:09:50



0 Scenarios	 >>>>>> (Stats.java:109)	16:09:50
0 Scenarios	 >>>>>> (Stats.java:109)	16:09:50
0 Scenarios	 >>>>>> (Stats.java:109)	16:09:50
0 Steps	 >>>>>> (Stats.java:110)	16:09:50
0m0 Steps	 >>>>>> (Stats.java:110)	16:09:50
0m0 Steps	 >>>>>> (Stats.java:110)	16:09:50
0m0.206s	 >>>>>> (Stats.java:157)	16:09:50


0.206s	 >>>>>> (Stats.java:157)	16:09:50


0.078s	 >>>>>> (Stats.java:157)	16:09:50


]]></system-out>
    <system-err><![CDATA[1166 [TestNG-tests-3] WARN org.testng.internal.Utils - The test method 'com.zensar.runner.TestRunner1.feature' will be skipped since its data provider 'scenarios' returned an empty array or iterator. 
1166 [TestNG-tests-1] WARN org.testng.internal.Utils - The test method 'com.zensar.runner.TestRunner2.feature' will be skipped since its data provider 'scenarios' returned an empty array or iterator. 
1166 [TestNG-tests-2] WARN org.testng.internal.Utils - The test method 'com.zensar.runner.Debugger.feature' will be skipped since its data provider 'scenarios' returned an empty array or iterator. 
]]></system-err>
  </testcase>
  <testcase name="setUpClass[not @42](0)" classname="com.zensar.runner.TestRunner2" time="0.386">
    <failure message="Could not initialize class com.zensar.utilities.RuntimeAnnotations" type="java.lang.NoClassDefFoundError"><![CDATA[java.lang.NoClassDefFoundError: Could not initialize class com.zensar.utilities.RuntimeAnnotations
	at com.zensar.runner.TestRunner2.setUpClass(TestRunner2.java:25)
	at java.base/jdk.internal.reflect.NativeMethodAccessorImpl.invoke0(Native Method)
	at java.base/jdk.internal.reflect.NativeMethodAccessorImpl.invoke(NativeMethodAccessorImpl.java:77)
	at java.base/jdk.internal.reflect.DelegatingMethodAccessorImpl.invoke(DelegatingMethodAccessorImpl.java:43)
	at java.base/java.lang.reflect.Method.invoke(Method.java:568)
	at org.testng.internal.invokers.MethodInvocationHelper.invokeMethod(MethodInvocationHelper.java:139)
	at org.testng.internal.invokers.MethodInvocationHelper.invokeMethodConsideringTimeout(MethodInvocationHelper.java:69)
	at org.testng.internal.invokers.ConfigInvoker.invokeConfigurationMethod(ConfigInvoker.java:393)
	at org.testng.internal.invokers.ConfigInvoker.invokeConfigurations(ConfigInvoker.java:326)
	at org.testng.internal.invokers.TestMethodWorker.invokeBeforeClassMethods(TestMethodWorker.java:180)
	at org.testng.internal.invokers.TestMethodWorker.run(TestMethodWorker.java:122)
	at java.base/java.util.ArrayList.forEach(ArrayList.java:1511)
	at org.testng.TestRunner.privateRun(TestRunner.java:819)
	at org.testng.TestRunner.run(TestRunner.java:619)
	at org.testng.SuiteRunner.runTest(SuiteRunner.java:443)
	at org.testng.SuiteRunner$SuiteWorker.run(SuiteRunner.java:481)
	at org.testng.internal.thread.ThreadUtil.lambda$execute$0(ThreadUtil.java:58)
	at java.base/java.util.concurrent.FutureTask.run(FutureTask.java:264)
	at java.base/java.util.concurrent.ThreadPoolExecutor.runWorker(ThreadPoolExecutor.java:1136)
	at java.base/java.util.concurrent.ThreadPoolExecutor$Worker.run(ThreadPoolExecutor.java:635)
	at java.base/java.lang.Thread.run(Thread.java:833)
Caused by: java.lang.ExceptionInInitializerError: Exception java.lang.reflect.InaccessibleObjectException: Unable to make sun.reflect.annotation.AnnotationInvocationHandler(java.lang.Class,java.util.Map) accessible: module java.base does not "opens sun.reflect.annotation" to unnamed module @1b52699c [in thread "TestNG-tests-3"]
	at java.base/java.lang.reflect.AccessibleObject.checkCanSetAccessible(AccessibleObject.java:354)
	at java.base/java.lang.reflect.AccessibleObject.checkCanSetAccessible(AccessibleObject.java:297)
	at java.base/java.lang.reflect.Constructor.checkCanSetAccessible(Constructor.java:188)
	at java.base/java.lang.reflect.Constructor.setAccessible(Constructor.java:181)
	at com.zensar.utilities.RuntimeAnnotations.<clinit>(RuntimeAnnotations.java:34)
	at com.zensar.runner.TestRunner1.setUpClass(TestRunner1.java:25)
	... 20 more
]]></failure>
    <system-out><![CDATA[No features found at [classpath:com/zensar/runner]	 >>>>>> (FeatureLoader.java:35)	16:09:49
No features found at [classpath:com/zensar/runner]	 >>>>>> (FeatureLoader.java:35)	16:09:49
Can't generate report because cucmber json output directory not found	 >>>>>> (ConcludeExecution.java:88)	16:09:50
============================Execution Complete==============================	 >>>>>> (ConcludeExecution.java:74)	16:09:50
[QUERY] select * from RunnerProperties -- 	 >>>>>> (ExcelConnectionManager.java:113)	16:09:50
]]></system-out>
  </testcase>
  <testcase name="teardown" classname="com.zensar.runner.TestRunner2" time="0.0">
    <skipped/>
    <system-out><![CDATA[No features found at [classpath:com/zensar/runner]	 >>>>>> (FeatureLoader.java:35)	16:09:50



0 Scenarios	 >>>>>> (Stats.java:109)	16:09:50
0 Scenarios	 >>>>>> (Stats.java:109)	16:09:50
0 Scenarios	 >>>>>> (Stats.java:109)	16:09:50
0 Steps	 >>>>>> (Stats.java:110)	16:09:50
0m0 Steps	 >>>>>> (Stats.java:110)	16:09:50
0m0 Steps	 >>>>>> (Stats.java:110)	16:09:50
0m0.206s	 >>>>>> (Stats.java:157)	16:09:50


0.206s	 >>>>>> (Stats.java:157)	16:09:50


0.078s	 >>>>>> (Stats.java:157)	16:09:50


]]></system-out>
    <system-err><![CDATA[1166 [TestNG-tests-3] WARN org.testng.internal.Utils - The test method 'com.zensar.runner.TestRunner1.feature' will be skipped since its data provider 'scenarios' returned an empty array or iterator. 
1166 [TestNG-tests-1] WARN org.testng.internal.Utils - The test method 'com.zensar.runner.TestRunner2.feature' will be skipped since its data provider 'scenarios' returned an empty array or iterator. 
1166 [TestNG-tests-2] WARN org.testng.internal.Utils - The test method 'com.zensar.runner.Debugger.feature' will be skipped since its data provider 'scenarios' returned an empty array or iterator. 
]]></system-err>
  </testcase>
  <testcase name="setUpClass[not @42](0)" classname="com.zensar.runner.TestRunner3" time="0.486">
    <failure message="Could not initialize class com.zensar.utilities.RuntimeAnnotations" type="java.lang.NoClassDefFoundError"><![CDATA[java.lang.NoClassDefFoundError: Could not initialize class com.zensar.utilities.RuntimeAnnotations
	at com.zensar.runner.TestRunner3.setUpClass(TestRunner3.java:25)
	at java.base/jdk.internal.reflect.NativeMethodAccessorImpl.invoke0(Native Method)
	at java.base/jdk.internal.reflect.NativeMethodAccessorImpl.invoke(NativeMethodAccessorImpl.java:77)
	at java.base/jdk.internal.reflect.DelegatingMethodAccessorImpl.invoke(DelegatingMethodAccessorImpl.java:43)
	at java.base/java.lang.reflect.Method.invoke(Method.java:568)
	at org.testng.internal.invokers.MethodInvocationHelper.invokeMethod(MethodInvocationHelper.java:139)
	at org.testng.internal.invokers.MethodInvocationHelper.invokeMethodConsideringTimeout(MethodInvocationHelper.java:69)
	at org.testng.internal.invokers.ConfigInvoker.invokeConfigurationMethod(ConfigInvoker.java:393)
	at org.testng.internal.invokers.ConfigInvoker.invokeConfigurations(ConfigInvoker.java:326)
	at org.testng.internal.invokers.TestMethodWorker.invokeBeforeClassMethods(TestMethodWorker.java:180)
	at org.testng.internal.invokers.TestMethodWorker.run(TestMethodWorker.java:122)
	at java.base/java.util.ArrayList.forEach(ArrayList.java:1511)
	at org.testng.TestRunner.privateRun(TestRunner.java:819)
	at org.testng.TestRunner.run(TestRunner.java:619)
	at org.testng.SuiteRunner.runTest(SuiteRunner.java:443)
	at org.testng.SuiteRunner$SuiteWorker.run(SuiteRunner.java:481)
	at org.testng.internal.thread.ThreadUtil.lambda$execute$0(ThreadUtil.java:58)
	at java.base/java.util.concurrent.FutureTask.run(FutureTask.java:264)
	at java.base/java.util.concurrent.ThreadPoolExecutor.runWorker(ThreadPoolExecutor.java:1136)
	at java.base/java.util.concurrent.ThreadPoolExecutor$Worker.run(ThreadPoolExecutor.java:635)
	at java.base/java.lang.Thread.run(Thread.java:833)
Caused by: java.lang.ExceptionInInitializerError: Exception java.lang.reflect.InaccessibleObjectException: Unable to make sun.reflect.annotation.AnnotationInvocationHandler(java.lang.Class,java.util.Map) accessible: module java.base does not "opens sun.reflect.annotation" to unnamed module @1b52699c [in thread "TestNG-tests-3"]
	at java.base/java.lang.reflect.AccessibleObject.checkCanSetAccessible(AccessibleObject.java:354)
	at java.base/java.lang.reflect.AccessibleObject.checkCanSetAccessible(AccessibleObject.java:297)
	at java.base/java.lang.reflect.Constructor.checkCanSetAccessible(Constructor.java:188)
	at java.base/java.lang.reflect.Constructor.setAccessible(Constructor.java:181)
	at com.zensar.utilities.RuntimeAnnotations.<clinit>(RuntimeAnnotations.java:34)
	at com.zensar.runner.TestRunner1.setUpClass(TestRunner1.java:25)
	... 20 more
]]></failure>
  </testcase>
  <testcase name="teardown" classname="com.zensar.runner.TestRunner3" time="0.0">
    <skipped/>
    <system-out><![CDATA[No features found at [classpath:com/zensar/runner]	 >>>>>> (FeatureLoader.java:35)	16:09:50
No features found at [classpath:com/zensar/runner]	 >>>>>> (FeatureLoader.java:35)	16:09:50
No features found at [classpath:com/zensar/runner]	 >>>>>> (FeatureLoader.java:35)	16:09:50


0 Scenarios	 >>>>>> (Stats.java:109)	16:09:50
0 Scenarios	 >>>>>> (Stats.java:109)	16:09:50
0 Steps	 >>>>>> (Stats.java:110)	16:09:50
0m0 Steps	 >>>>>> (Stats.java:110)	16:09:50
0m0.008s	 >>>>>> (Stats.java:157)	16:09:50

0.008s	 >>>>>> (Stats.java:157)	16:09:50



]]></system-out>
    <system-err><![CDATA[1195 [TestNG-tests-2] WARN org.testng.internal.Utils - The test method 'com.zensar.runner.TestRunner3.feature' will be skipped since its data provider 'scenarios' returned an empty array or iterator. 
1195 [TestNG-tests-1] WARN org.testng.internal.Utils - The test method 'com.zensar.runner.ASCertificationPage.feature' will be skipped since its data provider 'scenarios' returned an empty array or iterator. 
]]></system-err>
  </testcase>
  <testcase name="setUpClass[not @42](0)" classname="com.zensar.runner.ASLandingPage" time="0.486">
    <failure message="Could not initialize class com.zensar.utilities.RuntimeAnnotations" type="java.lang.NoClassDefFoundError"><![CDATA[java.lang.NoClassDefFoundError: Could not initialize class com.zensar.utilities.RuntimeAnnotations
	at com.zensar.runner.ASLandingPage.setUpClass(ASLandingPage.java:25)
	at java.base/jdk.internal.reflect.NativeMethodAccessorImpl.invoke0(Native Method)
	at java.base/jdk.internal.reflect.NativeMethodAccessorImpl.invoke(NativeMethodAccessorImpl.java:77)
	at java.base/jdk.internal.reflect.DelegatingMethodAccessorImpl.invoke(DelegatingMethodAccessorImpl.java:43)
	at java.base/java.lang.reflect.Method.invoke(Method.java:568)
	at org.testng.internal.invokers.MethodInvocationHelper.invokeMethod(MethodInvocationHelper.java:139)
	at org.testng.internal.invokers.MethodInvocationHelper.invokeMethodConsideringTimeout(MethodInvocationHelper.java:69)
	at org.testng.internal.invokers.ConfigInvoker.invokeConfigurationMethod(ConfigInvoker.java:393)
	at org.testng.internal.invokers.ConfigInvoker.invokeConfigurations(ConfigInvoker.java:326)
	at org.testng.internal.invokers.TestMethodWorker.invokeBeforeClassMethods(TestMethodWorker.java:180)
	at org.testng.internal.invokers.TestMethodWorker.run(TestMethodWorker.java:122)
	at java.base/java.util.ArrayList.forEach(ArrayList.java:1511)
	at org.testng.TestRunner.privateRun(TestRunner.java:819)
	at org.testng.TestRunner.run(TestRunner.java:619)
	at org.testng.SuiteRunner.runTest(SuiteRunner.java:443)
	at org.testng.SuiteRunner$SuiteWorker.run(SuiteRunner.java:481)
	at org.testng.internal.thread.ThreadUtil.lambda$execute$0(ThreadUtil.java:58)
	at java.base/java.util.concurrent.FutureTask.run(FutureTask.java:264)
	at java.base/java.util.concurrent.ThreadPoolExecutor.runWorker(ThreadPoolExecutor.java:1136)
	at java.base/java.util.concurrent.ThreadPoolExecutor$Worker.run(ThreadPoolExecutor.java:635)
	at java.base/java.lang.Thread.run(Thread.java:833)
Caused by: java.lang.ExceptionInInitializerError: Exception java.lang.reflect.InaccessibleObjectException: Unable to make sun.reflect.annotation.AnnotationInvocationHandler(java.lang.Class,java.util.Map) accessible: module java.base does not "opens sun.reflect.annotation" to unnamed module @1b52699c [in thread "TestNG-tests-3"]
	at java.base/java.lang.reflect.AccessibleObject.checkCanSetAccessible(AccessibleObject.java:354)
	at java.base/java.lang.reflect.AccessibleObject.checkCanSetAccessible(AccessibleObject.java:297)
	at java.base/java.lang.reflect.Constructor.checkCanSetAccessible(Constructor.java:188)
	at java.base/java.lang.reflect.Constructor.setAccessible(Constructor.java:181)
	at com.zensar.utilities.RuntimeAnnotations.<clinit>(RuntimeAnnotations.java:34)
	at com.zensar.runner.TestRunner1.setUpClass(TestRunner1.java:25)
	... 20 more
]]></failure>
  </testcase>
  <testcase name="teardown" classname="com.zensar.runner.ASLandingPage" time="0.0">
    <skipped/>
    <system-out><![CDATA[
0 Scenarios	 >>>>>> (Stats.java:109)	16:09:50
0 Steps	 >>>>>> (Stats.java:110)	16:09:50
0m0.013s	 >>>>>> (Stats.java:157)	16:09:50


]]></system-out>
    <system-err><![CDATA[1202 [TestNG-tests-3] WARN org.testng.internal.Utils - The test method 'com.zensar.runner.ASLandingPage.feature' will be skipped since its data provider 'scenarios' returned an empty array or iterator. 
]]></system-err>
  </testcase>
  <testcase name="setUpClass[not @42](0)" classname="com.zensar.runner.ASCertificationPage" time="0.486">
    <failure message="Could not initialize class com.zensar.utilities.RuntimeAnnotations" type="java.lang.NoClassDefFoundError"><![CDATA[java.lang.NoClassDefFoundError: Could not initialize class com.zensar.utilities.RuntimeAnnotations
	at com.zensar.runner.ASCertificationPage.setUpClass(ASCertificationPage.java:25)
	at java.base/jdk.internal.reflect.NativeMethodAccessorImpl.invoke0(Native Method)
	at java.base/jdk.internal.reflect.NativeMethodAccessorImpl.invoke(NativeMethodAccessorImpl.java:77)
	at java.base/jdk.internal.reflect.DelegatingMethodAccessorImpl.invoke(DelegatingMethodAccessorImpl.java:43)
	at java.base/java.lang.reflect.Method.invoke(Method.java:568)
	at org.testng.internal.invokers.MethodInvocationHelper.invokeMethod(MethodInvocationHelper.java:139)
	at org.testng.internal.invokers.MethodInvocationHelper.invokeMethodConsideringTimeout(MethodInvocationHelper.java:69)
	at org.testng.internal.invokers.ConfigInvoker.invokeConfigurationMethod(ConfigInvoker.java:393)
	at org.testng.internal.invokers.ConfigInvoker.invokeConfigurations(ConfigInvoker.java:326)
	at org.testng.internal.invokers.TestMethodWorker.invokeBeforeClassMethods(TestMethodWorker.java:180)
	at org.testng.internal.invokers.TestMethodWorker.run(TestMethodWorker.java:122)
	at java.base/java.util.ArrayList.forEach(ArrayList.java:1511)
	at org.testng.TestRunner.privateRun(TestRunner.java:819)
	at org.testng.TestRunner.run(TestRunner.java:619)
	at org.testng.SuiteRunner.runTest(SuiteRunner.java:443)
	at org.testng.SuiteRunner$SuiteWorker.run(SuiteRunner.java:481)
	at org.testng.internal.thread.ThreadUtil.lambda$execute$0(ThreadUtil.java:58)
	at java.base/java.util.concurrent.FutureTask.run(FutureTask.java:264)
	at java.base/java.util.concurrent.ThreadPoolExecutor.runWorker(ThreadPoolExecutor.java:1136)
	at java.base/java.util.concurrent.ThreadPoolExecutor$Worker.run(ThreadPoolExecutor.java:635)
	at java.base/java.lang.Thread.run(Thread.java:833)
Caused by: java.lang.ExceptionInInitializerError: Exception java.lang.reflect.InaccessibleObjectException: Unable to make sun.reflect.annotation.AnnotationInvocationHandler(java.lang.Class,java.util.Map) accessible: module java.base does not "opens sun.reflect.annotation" to unnamed module @1b52699c [in thread "TestNG-tests-3"]
	at java.base/java.lang.reflect.AccessibleObject.checkCanSetAccessible(AccessibleObject.java:354)
	at java.base/java.lang.reflect.AccessibleObject.checkCanSetAccessible(AccessibleObject.java:297)
	at java.base/java.lang.reflect.Constructor.checkCanSetAccessible(Constructor.java:188)
	at java.base/java.lang.reflect.Constructor.setAccessible(Constructor.java:181)
	at com.zensar.utilities.RuntimeAnnotations.<clinit>(RuntimeAnnotations.java:34)
	at com.zensar.runner.TestRunner1.setUpClass(TestRunner1.java:25)
	... 20 more
]]></failure>
  </testcase>
  <testcase name="teardown" classname="com.zensar.runner.ASCertificationPage" time="0.0">
    <skipped/>
    <system-out><![CDATA[No features found at [classpath:com/zensar/runner]	 >>>>>> (FeatureLoader.java:35)	16:09:50
No features found at [classpath:com/zensar/runner]	 >>>>>> (FeatureLoader.java:35)	16:09:50
No features found at [classpath:com/zensar/runner]	 >>>>>> (FeatureLoader.java:35)	16:09:50


0 Scenarios	 >>>>>> (Stats.java:109)	16:09:50
0 Scenarios	 >>>>>> (Stats.java:109)	16:09:50
0 Steps	 >>>>>> (Stats.java:110)	16:09:50
0m0 Steps	 >>>>>> (Stats.java:110)	16:09:50
0m0.008s	 >>>>>> (Stats.java:157)	16:09:50

0.008s	 >>>>>> (Stats.java:157)	16:09:50



]]></system-out>
    <system-err><![CDATA[1195 [TestNG-tests-2] WARN org.testng.internal.Utils - The test method 'com.zensar.runner.TestRunner3.feature' will be skipped since its data provider 'scenarios' returned an empty array or iterator. 
1195 [TestNG-tests-1] WARN org.testng.internal.Utils - The test method 'com.zensar.runner.ASCertificationPage.feature' will be skipped since its data provider 'scenarios' returned an empty array or iterator. 
]]></system-err>
  </testcase>
  <testcase name="setUpClass[not @42](0)" classname="com.zensar.runner.ASSiteListPage" time="0.511">
    <failure message="Could not initialize class com.zensar.utilities.RuntimeAnnotations" type="java.lang.NoClassDefFoundError"><![CDATA[java.lang.NoClassDefFoundError: Could not initialize class com.zensar.utilities.RuntimeAnnotations
	at com.zensar.runner.ASSiteListPage.setUpClass(ASSiteListPage.java:25)
	at java.base/jdk.internal.reflect.NativeMethodAccessorImpl.invoke0(Native Method)
	at java.base/jdk.internal.reflect.NativeMethodAccessorImpl.invoke(NativeMethodAccessorImpl.java:77)
	at java.base/jdk.internal.reflect.DelegatingMethodAccessorImpl.invoke(DelegatingMethodAccessorImpl.java:43)
	at java.base/java.lang.reflect.Method.invoke(Method.java:568)
	at org.testng.internal.invokers.MethodInvocationHelper.invokeMethod(MethodInvocationHelper.java:139)
	at org.testng.internal.invokers.MethodInvocationHelper.invokeMethodConsideringTimeout(MethodInvocationHelper.java:69)
	at org.testng.internal.invokers.ConfigInvoker.invokeConfigurationMethod(ConfigInvoker.java:393)
	at org.testng.internal.invokers.ConfigInvoker.invokeConfigurations(ConfigInvoker.java:326)
	at org.testng.internal.invokers.TestMethodWorker.invokeBeforeClassMethods(TestMethodWorker.java:180)
	at org.testng.internal.invokers.TestMethodWorker.run(TestMethodWorker.java:122)
	at java.base/java.util.ArrayList.forEach(ArrayList.java:1511)
	at org.testng.TestRunner.privateRun(TestRunner.java:819)
	at org.testng.TestRunner.run(TestRunner.java:619)
	at org.testng.SuiteRunner.runTest(SuiteRunner.java:443)
	at org.testng.SuiteRunner$SuiteWorker.run(SuiteRunner.java:481)
	at org.testng.internal.thread.ThreadUtil.lambda$execute$0(ThreadUtil.java:58)
	at java.base/java.util.concurrent.FutureTask.run(FutureTask.java:264)
	at java.base/java.util.concurrent.ThreadPoolExecutor.runWorker(ThreadPoolExecutor.java:1136)
	at java.base/java.util.concurrent.ThreadPoolExecutor$Worker.run(ThreadPoolExecutor.java:635)
	at java.base/java.lang.Thread.run(Thread.java:833)
Caused by: java.lang.ExceptionInInitializerError: Exception java.lang.reflect.InaccessibleObjectException: Unable to make sun.reflect.annotation.AnnotationInvocationHandler(java.lang.Class,java.util.Map) accessible: module java.base does not "opens sun.reflect.annotation" to unnamed module @1b52699c [in thread "TestNG-tests-3"]
	at java.base/java.lang.reflect.AccessibleObject.checkCanSetAccessible(AccessibleObject.java:354)
	at java.base/java.lang.reflect.AccessibleObject.checkCanSetAccessible(AccessibleObject.java:297)
	at java.base/java.lang.reflect.Constructor.checkCanSetAccessible(Constructor.java:188)
	at java.base/java.lang.reflect.Constructor.setAccessible(Constructor.java:181)
	at com.zensar.utilities.RuntimeAnnotations.<clinit>(RuntimeAnnotations.java:34)
	at com.zensar.runner.TestRunner1.setUpClass(TestRunner1.java:25)
	... 20 more
]]></failure>
  </testcase>
  <testcase name="feature[null](1)" classname="com.zensar.runner.ASSiteListPage" time="0.0">
    <skipped message="Could not initialize class com.zensar.utilities.RuntimeAnnotations"/>
    <system-out><![CDATA[No features found at [classpath:com/zensar/runner]	 >>>>>> (FeatureLoader.java:35)	16:09:50
]]></system-out>
  </testcase>
  <testcase name="teardown" classname="com.zensar.runner.ASSiteListPage" time="0.0">
    <skipped/>
    <system-out><![CDATA[No features found at [classpath:com/zensar/runner]	 >>>>>> (FeatureLoader.java:35)	16:09:50]]></system-out>
  </testcase>
  <testcase name="setUpClass[not @42](0)" classname="com.zensar.runner.ASWorkOrderListPage" time="0.513">
    <failure message="Could not initialize class com.zensar.utilities.RuntimeAnnotations" type="java.lang.NoClassDefFoundError"><![CDATA[java.lang.NoClassDefFoundError: Could not initialize class com.zensar.utilities.RuntimeAnnotations
	at com.zensar.runner.ASWorkOrderListPage.setUpClass(ASWorkOrderListPage.java:25)
	at java.base/jdk.internal.reflect.NativeMethodAccessorImpl.invoke0(Native Method)
	at java.base/jdk.internal.reflect.NativeMethodAccessorImpl.invoke(NativeMethodAccessorImpl.java:77)
	at java.base/jdk.internal.reflect.DelegatingMethodAccessorImpl.invoke(DelegatingMethodAccessorImpl.java:43)
	at java.base/java.lang.reflect.Method.invoke(Method.java:568)
	at org.testng.internal.invokers.MethodInvocationHelper.invokeMethod(MethodInvocationHelper.java:139)
	at org.testng.internal.invokers.MethodInvocationHelper.invokeMethodConsideringTimeout(MethodInvocationHelper.java:69)
	at org.testng.internal.invokers.ConfigInvoker.invokeConfigurationMethod(ConfigInvoker.java:393)
	at org.testng.internal.invokers.ConfigInvoker.invokeConfigurations(ConfigInvoker.java:326)
	at org.testng.internal.invokers.TestMethodWorker.invokeBeforeClassMethods(TestMethodWorker.java:180)
	at org.testng.internal.invokers.TestMethodWorker.run(TestMethodWorker.java:122)
	at java.base/java.util.ArrayList.forEach(ArrayList.java:1511)
	at org.testng.TestRunner.privateRun(TestRunner.java:819)
	at org.testng.TestRunner.run(TestRunner.java:619)
	at org.testng.SuiteRunner.runTest(SuiteRunner.java:443)
	at org.testng.SuiteRunner$SuiteWorker.run(SuiteRunner.java:481)
	at org.testng.internal.thread.ThreadUtil.lambda$execute$0(ThreadUtil.java:58)
	at java.base/java.util.concurrent.FutureTask.run(FutureTask.java:264)
	at java.base/java.util.concurrent.ThreadPoolExecutor.runWorker(ThreadPoolExecutor.java:1136)
	at java.base/java.util.concurrent.ThreadPoolExecutor$Worker.run(ThreadPoolExecutor.java:635)
	at java.base/java.lang.Thread.run(Thread.java:833)
Caused by: java.lang.ExceptionInInitializerError: Exception java.lang.reflect.InaccessibleObjectException: Unable to make sun.reflect.annotation.AnnotationInvocationHandler(java.lang.Class,java.util.Map) accessible: module java.base does not "opens sun.reflect.annotation" to unnamed module @1b52699c [in thread "TestNG-tests-3"]
	at java.base/java.lang.reflect.AccessibleObject.checkCanSetAccessible(AccessibleObject.java:354)
	at java.base/java.lang.reflect.AccessibleObject.checkCanSetAccessible(AccessibleObject.java:297)
	at java.base/java.lang.reflect.Constructor.checkCanSetAccessible(Constructor.java:188)
	at java.base/java.lang.reflect.Constructor.setAccessible(Constructor.java:181)
	at com.zensar.utilities.RuntimeAnnotations.<clinit>(RuntimeAnnotations.java:34)
	at com.zensar.runner.TestRunner1.setUpClass(TestRunner1.java:25)
	... 20 more
]]></failure>
  </testcase>
  <testcase name="teardown" classname="com.zensar.runner.ASWorkOrderListPage" time="0.0">
    <skipped/>
    <system-out><![CDATA[0 Steps	 >>>>>> (Stats.java:110)	16:09:50]]></system-out>
    <system-err><![CDATA[1237 [TestNG-tests-2] WARN org.testng.internal.Utils - The test method 'com.zensar.runner.ASWorkOrderListPage.feature' will be skipped since its data provider 'scenarios' returned an empty array or iterator. 
]]></system-err>
  </testcase>
  <testcase name="setUpClass[not @42](0)" classname="com.zensar.runner.Sanity" time="0.519">
    <failure message="Could not initialize class com.zensar.utilities.RuntimeAnnotations" type="java.lang.NoClassDefFoundError"><![CDATA[java.lang.NoClassDefFoundError: Could not initialize class com.zensar.utilities.RuntimeAnnotations
	at com.zensar.runner.Sanity.setUpClass(Sanity.java:25)
	at java.base/jdk.internal.reflect.NativeMethodAccessorImpl.invoke0(Native Method)
	at java.base/jdk.internal.reflect.NativeMethodAccessorImpl.invoke(NativeMethodAccessorImpl.java:77)
	at java.base/jdk.internal.reflect.DelegatingMethodAccessorImpl.invoke(DelegatingMethodAccessorImpl.java:43)
	at java.base/java.lang.reflect.Method.invoke(Method.java:568)
	at org.testng.internal.invokers.MethodInvocationHelper.invokeMethod(MethodInvocationHelper.java:139)
	at org.testng.internal.invokers.MethodInvocationHelper.invokeMethodConsideringTimeout(MethodInvocationHelper.java:69)
	at org.testng.internal.invokers.ConfigInvoker.invokeConfigurationMethod(ConfigInvoker.java:393)
	at org.testng.internal.invokers.ConfigInvoker.invokeConfigurations(ConfigInvoker.java:326)
	at org.testng.internal.invokers.TestMethodWorker.invokeBeforeClassMethods(TestMethodWorker.java:180)
	at org.testng.internal.invokers.TestMethodWorker.run(TestMethodWorker.java:122)
	at java.base/java.util.ArrayList.forEach(ArrayList.java:1511)
	at org.testng.TestRunner.privateRun(TestRunner.java:819)
	at org.testng.TestRunner.run(TestRunner.java:619)
	at org.testng.SuiteRunner.runTest(SuiteRunner.java:443)
	at org.testng.SuiteRunner$SuiteWorker.run(SuiteRunner.java:481)
	at org.testng.internal.thread.ThreadUtil.lambda$execute$0(ThreadUtil.java:58)
	at java.base/java.util.concurrent.FutureTask.run(FutureTask.java:264)
	at java.base/java.util.concurrent.ThreadPoolExecutor.runWorker(ThreadPoolExecutor.java:1136)
	at java.base/java.util.concurrent.ThreadPoolExecutor$Worker.run(ThreadPoolExecutor.java:635)
	at java.base/java.lang.Thread.run(Thread.java:833)
Caused by: java.lang.ExceptionInInitializerError: Exception java.lang.reflect.InaccessibleObjectException: Unable to make sun.reflect.annotation.AnnotationInvocationHandler(java.lang.Class,java.util.Map) accessible: module java.base does not "opens sun.reflect.annotation" to unnamed module @1b52699c [in thread "TestNG-tests-3"]
	at java.base/java.lang.reflect.AccessibleObject.checkCanSetAccessible(AccessibleObject.java:354)
	at java.base/java.lang.reflect.AccessibleObject.checkCanSetAccessible(AccessibleObject.java:297)
	at java.base/java.lang.reflect.Constructor.checkCanSetAccessible(Constructor.java:188)
	at java.base/java.lang.reflect.Constructor.setAccessible(Constructor.java:181)
	at com.zensar.utilities.RuntimeAnnotations.<clinit>(RuntimeAnnotations.java:34)
	at com.zensar.runner.TestRunner1.setUpClass(TestRunner1.java:25)
	... 20 more
]]></failure>
    <system-out><![CDATA[No features found at [classpath:com/zensar/runner]	 >>>>>> (FeatureLoader.java:35)	16:09:50
No features found at [classpath:com/zensar/runner]	 >>>>>> (FeatureLoader.java:35)	16:09:50
]]></system-out>
  </testcase>
  <testcase name="teardown" classname="com.zensar.runner.Sanity" time="0.0">
    <skipped/>
    <system-out><![CDATA[
0 Scenarios	 >>>>>> (Stats.java:109)	16:09:50
0 Steps	 >>>>>> (Stats.java:110)	16:09:50
0m0.010s	 >>>>>> (Stats.java:157)	16:09:50


]]></system-out>
    <system-err><![CDATA[1231 [TestNG-tests-3] WARN org.testng.internal.Utils - The test method 'com.zensar.runner.Sanity.feature' will be skipped since its data provider 'scenarios' returned an empty array or iterator. 
]]></system-err>
  </testcase>
  <testcase name="setUpClass[not @42](0)" classname="com.zensar.runner.Regression" time="0.02">
    <failure message="Could not initialize class com.zensar.utilities.RuntimeAnnotations" type="java.lang.NoClassDefFoundError"><![CDATA[java.lang.NoClassDefFoundError: Could not initialize class com.zensar.utilities.RuntimeAnnotations
	at com.zensar.runner.Regression.setUpClass(Regression.java:25)
	at java.base/jdk.internal.reflect.NativeMethodAccessorImpl.invoke0(Native Method)
	at java.base/jdk.internal.reflect.NativeMethodAccessorImpl.invoke(NativeMethodAccessorImpl.java:77)
	at java.base/jdk.internal.reflect.DelegatingMethodAccessorImpl.invoke(DelegatingMethodAccessorImpl.java:43)
	at java.base/java.lang.reflect.Method.invoke(Method.java:568)
	at org.testng.internal.invokers.MethodInvocationHelper.invokeMethod(MethodInvocationHelper.java:139)
	at org.testng.internal.invokers.MethodInvocationHelper.invokeMethodConsideringTimeout(MethodInvocationHelper.java:69)
	at org.testng.internal.invokers.ConfigInvoker.invokeConfigurationMethod(ConfigInvoker.java:393)
	at org.testng.internal.invokers.ConfigInvoker.invokeConfigurations(ConfigInvoker.java:326)
	at org.testng.internal.invokers.TestMethodWorker.invokeBeforeClassMethods(TestMethodWorker.java:180)
	at org.testng.internal.invokers.TestMethodWorker.run(TestMethodWorker.java:122)
	at java.base/java.util.ArrayList.forEach(ArrayList.java:1511)
	at org.testng.TestRunner.privateRun(TestRunner.java:819)
	at org.testng.TestRunner.run(TestRunner.java:619)
	at org.testng.SuiteRunner.runTest(SuiteRunner.java:443)
	at org.testng.SuiteRunner$SuiteWorker.run(SuiteRunner.java:481)
	at org.testng.internal.thread.ThreadUtil.lambda$execute$0(ThreadUtil.java:58)
	at java.base/java.util.concurrent.FutureTask.run(FutureTask.java:264)
	at java.base/java.util.concurrent.ThreadPoolExecutor.runWorker(ThreadPoolExecutor.java:1136)
	at java.base/java.util.concurrent.ThreadPoolExecutor$Worker.run(ThreadPoolExecutor.java:635)
	at java.base/java.lang.Thread.run(Thread.java:833)
Caused by: java.lang.ExceptionInInitializerError: Exception java.lang.reflect.InaccessibleObjectException: Unable to make sun.reflect.annotation.AnnotationInvocationHandler(java.lang.Class,java.util.Map) accessible: module java.base does not "opens sun.reflect.annotation" to unnamed module @1b52699c [in thread "TestNG-tests-3"]
	at java.base/java.lang.reflect.AccessibleObject.checkCanSetAccessible(AccessibleObject.java:354)
	at java.base/java.lang.reflect.AccessibleObject.checkCanSetAccessible(AccessibleObject.java:297)
	at java.base/java.lang.reflect.Constructor.checkCanSetAccessible(Constructor.java:188)
	at java.base/java.lang.reflect.Constructor.setAccessible(Constructor.java:181)
	at com.zensar.utilities.RuntimeAnnotations.<clinit>(RuntimeAnnotations.java:34)
	at com.zensar.runner.TestRunner1.setUpClass(TestRunner1.java:25)
	... 20 more
]]></failure>
    <system-out><![CDATA[0m]]></system-out>
  </testcase>
  <testcase name="teardown" classname="com.zensar.runner.Regression" time="0.0">
    <skipped/>
    <system-out><![CDATA[

0 Scenarios	 >>>>>> (Stats.java:109)	16:09:50
0 Steps	 >>>>>> (Stats.java:110)	16:09:50
0m0.006s	 >>>>>> (Stats.java:157)	16:09:50


]]></system-out>
    <system-err><![CDATA[1263 [TestNG-tests-3] WARN org.testng.internal.Utils - The test method 'com.zensar.runner.Regression.feature' will be skipped since its data provider 'scenarios' returned an empty array or iterator. 
]]></system-err>
  </testcase>
</testsuite>