[INFO] Scanning for projects...
[INFO] 
[INFO] -------------------< TestFramework:SITA_Monitoring >--------------------
[INFO] Building Cucumber SITA Com 0.0.1-SNAPSHOT
[INFO] --------------------------------[ jar ]---------------------------------
[INFO] 
[INFO] --- maven-clean-plugin:2.5:clean (default-clean) @ SITA_Monitoring ---
[INFO] Deleting C:\Users\satish\Documents\workspace-spring-tool-suite-4-4.19.0.RELEASE\Sita-master\target
[INFO] 
[INFO] --- maven-resources-plugin:3.3.1:resources (default-resources) @ SITA_Monitoring ---
[INFO] skip non existing resourceDirectory C:\Users\satish\Documents\workspace-spring-tool-suite-4-4.19.0.RELEASE\Sita-master\src\resources
[INFO] 
[INFO] --- maven-compiler-plugin:3.10.1:compile (default-compile) @ SITA_Monitoring ---
[INFO] Changes detected - recompiling the module!
[INFO] Compiling 45 source files to C:\Users\satish\Documents\workspace-spring-tool-suite-4-4.19.0.RELEASE\Sita-master\target\classes
[INFO] [parsing started SimpleFileObject[C:\Users\satish\Documents\workspace-spring-tool-suite-4-4.19.0.RELEASE\Sita-master\src\main\java\com\zensar\utilities\ExecutionEnvironment.java]]
[INFO] [parsing completed 15ms]
[INFO] [parsing started SimpleFileObject[C:\Users\satish\Documents\workspace-spring-tool-suite-4-4.19.0.RELEASE\Sita-master\src\main\java\com\zensar\scriptutils\PageBase.java]]
[INFO] [parsing completed 0ms]
[INFO] [parsing started SimpleFileObject[C:\Users\satish\Documents\workspace-spring-tool-suite-4-4.19.0.RELEASE\Sita-master\src\main\java\com\zensar\stepDefinations\ASSiteListPageStepDefinitions.java]]
[INFO] [parsing completed 0ms]
[INFO] [parsing started SimpleFileObject[C:\Users\satish\Documents\workspace-spring-tool-suite-4-4.19.0.RELEASE\Sita-master\src\main\java\com\zensar\runner\ASSiteProductListPage.java]]
[INFO] [parsing completed 16ms]
[INFO] [parsing started SimpleFileObject[C:\Users\satish\Documents\workspace-spring-tool-suite-4-4.19.0.RELEASE\Sita-master\src\main\java\com\zensar\datatypes\APIBean.java]]
[INFO] [parsing completed 0ms]
[INFO] [parsing started SimpleFileObject[C:\Users\satish\Documents\workspace-spring-tool-suite-4-4.19.0.RELEASE\Sita-master\src\main\java\com\zensar\excel\SpecialLogger.java]]
[INFO] [parsing completed 0ms]
[INFO] [parsing started SimpleFileObject[C:\Users\satish\Documents\workspace-spring-tool-suite-4-4.19.0.RELEASE\Sita-master\src\main\java\com\zensar\runner\TestRunner2.java]]
[INFO] [parsing completed 0ms]
[INFO] [parsing started SimpleFileObject[C:\Users\satish\Documents\workspace-spring-tool-suite-4-4.19.0.RELEASE\Sita-master\src\main\java\com\zensar\scriptutils\ScenarioEventListener.java]]
[INFO] [parsing completed 0ms]
[INFO] [parsing started SimpleFileObject[C:\Users\satish\Documents\workspace-spring-tool-suite-4-4.19.0.RELEASE\Sita-master\src\main\java\com\zensar\pageobjects\DebuggerPage.java]]
[INFO] [parsing completed 0ms]
[INFO] [parsing started SimpleFileObject[C:\Users\satish\Documents\workspace-spring-tool-suite-4-4.19.0.RELEASE\Sita-master\src\main\java\com\zensar\excel\ExcelConnectionManager.java]]
[INFO] [parsing completed 16ms]
[INFO] [parsing started SimpleFileObject[C:\Users\satish\Documents\workspace-spring-tool-suite-4-4.19.0.RELEASE\Sita-master\src\main\java\com\zensar\runner\ASCertificationPage.java]]
[INFO] [parsing completed 0ms]
[INFO] [parsing started SimpleFileObject[C:\Users\satish\Documents\workspace-spring-tool-suite-4-4.19.0.RELEASE\Sita-master\src\main\java\com\zensar\runner\Regression.java]]
[INFO] [parsing completed 0ms]
[INFO] [parsing started SimpleFileObject[C:\Users\satish\Documents\workspace-spring-tool-suite-4-4.19.0.RELEASE\Sita-master\src\main\java\com\zensar\excel\ExcelExecutionProperty.java]]
[INFO] [parsing completed 0ms]
[INFO] [parsing started SimpleFileObject[C:\Users\satish\Documents\workspace-spring-tool-suite-4-4.19.0.RELEASE\Sita-master\src\main\java\com\zensar\scriptutils\GlobalFunctionMobile.java]]
[INFO] [parsing completed 16ms]
[INFO] [parsing started SimpleFileObject[C:\Users\satish\Documents\workspace-spring-tool-suite-4-4.19.0.RELEASE\Sita-master\src\main\java\com\zensar\excel\ExcelOutput.java]]
[INFO] [parsing completed 0ms]
[INFO] [parsing started SimpleFileObject[C:\Users\satish\Documents\workspace-spring-tool-suite-4-4.19.0.RELEASE\Sita-master\src\main\java\com\zensar\datatypes\ExecutionProperty.java]]
[INFO] [parsing completed 0ms]
[INFO] [parsing started SimpleFileObject[C:\Users\satish\Documents\workspace-spring-tool-suite-4-4.19.0.RELEASE\Sita-master\src\main\java\com\zensar\runner\Debugger.java]]
[INFO] [parsing completed 0ms]
[INFO] [parsing started SimpleFileObject[C:\Users\satish\Documents\workspace-spring-tool-suite-4-4.19.0.RELEASE\Sita-master\src\main\java\com\zensar\runner\ASLandingPage.java]]
[INFO] [parsing completed 6ms]
[INFO] [parsing started SimpleFileObject[C:\Users\satish\Documents\workspace-spring-tool-suite-4-4.19.0.RELEASE\Sita-master\src\main\java\com\zensar\scriptutils\RunnerBase.java]]
[INFO] [parsing completed 0ms]
[INFO] [parsing started SimpleFileObject[C:\Users\satish\Documents\workspace-spring-tool-suite-4-4.19.0.RELEASE\Sita-master\src\main\java\com\zensar\runner\Sanity.java]]
[INFO] [parsing completed 0ms]
[INFO] [parsing started SimpleFileObject[C:\Users\satish\Documents\workspace-spring-tool-suite-4-4.19.0.RELEASE\Sita-master\src\main\java\com\zensar\utilities\ApiClient.java]]
[INFO] [parsing completed 0ms]
[INFO] [parsing started SimpleFileObject[C:\Users\satish\Documents\workspace-spring-tool-suite-4-4.19.0.RELEASE\Sita-master\src\main\java\com\zensar\runner\TestRunner3.java]]
[INFO] [parsing completed 0ms]
[INFO] [parsing started SimpleFileObject[C:\Users\satish\Documents\workspace-spring-tool-suite-4-4.19.0.RELEASE\Sita-master\src\main\java\com\zensar\scriptutils\EventListenerMobile.java]]
[INFO] [parsing completed 16ms]
[INFO] [parsing started SimpleFileObject[C:\Users\satish\Documents\workspace-spring-tool-suite-4-4.19.0.RELEASE\Sita-master\src\main\java\com\zensar\runner\InitializeExecution.java]]
[INFO] [parsing completed 0ms]
[INFO] [parsing started SimpleFileObject[C:\Users\satish\Documents\workspace-spring-tool-suite-4-4.19.0.RELEASE\Sita-master\src\main\java\com\zensar\scriptutils\GlobalFunction.java]]
[INFO] [parsing completed 32ms]
[INFO] [parsing started SimpleFileObject[C:\Users\satish\Documents\workspace-spring-tool-suite-4-4.19.0.RELEASE\Sita-master\src\main\java\com\zensar\pageobjects\SitaLandingPage.java]]
[INFO] [parsing completed 15ms]
[INFO] [parsing started SimpleFileObject[C:\Users\satish\Documents\workspace-spring-tool-suite-4-4.19.0.RELEASE\Sita-master\src\main\java\com\zensar\scriptutils\ExecutionPropertyStore.java]]
[INFO] [parsing completed 0ms]
[INFO] [parsing started SimpleFileObject[C:\Users\satish\Documents\workspace-spring-tool-suite-4-4.19.0.RELEASE\Sita-master\src\main\java\com\zensar\excel\OutputSheetLogger.java]]
[INFO] [parsing completed 0ms]
[INFO] [parsing started SimpleFileObject[C:\Users\satish\Documents\workspace-spring-tool-suite-4-4.19.0.RELEASE\Sita-master\src\main\java\com\zensar\scriptutils\ExecutionState.java]]
[INFO] [parsing completed 0ms]
[INFO] [parsing started SimpleFileObject[C:\Users\satish\Documents\workspace-spring-tool-suite-4-4.19.0.RELEASE\Sita-master\src\main\java\com\zensar\utilities\StringLiterals.java]]
[INFO] [parsing completed 0ms]
[INFO] [parsing started SimpleFileObject[C:\Users\satish\Documents\workspace-spring-tool-suite-4-4.19.0.RELEASE\Sita-master\src\main\java\com\zensar\scriptutils\StepBase.java]]
[INFO] [parsing completed 0ms]
[INFO] [parsing started SimpleFileObject[C:\Users\satish\Documents\workspace-spring-tool-suite-4-4.19.0.RELEASE\Sita-master\src\main\java\com\zensar\excel\ExcelMulti.java]]
[INFO] [parsing completed 0ms]
[INFO] [parsing started SimpleFileObject[C:\Users\satish\Documents\workspace-spring-tool-suite-4-4.19.0.RELEASE\Sita-master\src\main\java\com\zensar\runner\TestRunner1.java]]
[INFO] [parsing completed 0ms]
[INFO] [parsing started SimpleFileObject[C:\Users\satish\Documents\workspace-spring-tool-suite-4-4.19.0.RELEASE\Sita-master\src\main\java\com\zensar\utilities\DriverHandler.java]]
[INFO] [parsing completed 11ms]
[INFO] [parsing started SimpleFileObject[C:\Users\satish\Documents\workspace-spring-tool-suite-4-4.19.0.RELEASE\Sita-master\src\main\java\com\zensar\excel\ExcelInput.java]]
[INFO] [parsing completed 0ms]
[INFO] [parsing started SimpleFileObject[C:\Users\satish\Documents\workspace-spring-tool-suite-4-4.19.0.RELEASE\Sita-master\src\main\java\com\zensar\scriptutils\PickleWrapper.java]]
[INFO] [parsing completed 0ms]
[INFO] [parsing started SimpleFileObject[C:\Users\satish\Documents\workspace-spring-tool-suite-4-4.19.0.RELEASE\Sita-master\src\main\java\com\zensar\scriptutils\GlobalFunctionWindows.java]]
[INFO] [parsing completed 0ms]
[INFO] [parsing started SimpleFileObject[C:\Users\satish\Documents\workspace-spring-tool-suite-4-4.19.0.RELEASE\Sita-master\src\main\java\com\zensar\utilities\RuntimeAnnotations.java]]
[INFO] [parsing completed 0ms]
[INFO] [parsing started SimpleFileObject[C:\Users\satish\Documents\workspace-spring-tool-suite-4-4.19.0.RELEASE\Sita-master\src\main\java\com\zensar\scriptutils\ScenarioState.java]]
[INFO] [parsing completed 0ms]
[INFO] [parsing started SimpleFileObject[C:\Users\satish\Documents\workspace-spring-tool-suite-4-4.19.0.RELEASE\Sita-master\src\main\java\com\zensar\stepDefinations\DebugingSteps.java]]
[INFO] [parsing completed 0ms]
[INFO] [parsing started SimpleFileObject[C:\Users\satish\Documents\workspace-spring-tool-suite-4-4.19.0.RELEASE\Sita-master\src\main\java\com\zensar\scriptutils\EventListenter.java]]
[INFO] [parsing completed 0ms]
[INFO] [parsing started SimpleFileObject[C:\Users\satish\Documents\workspace-spring-tool-suite-4-4.19.0.RELEASE\Sita-master\src\main\java\com\zensar\runner\ConcludeExecution.java]]
[INFO] [parsing completed 0ms]
[INFO] [parsing started SimpleFileObject[C:\Users\satish\Documents\workspace-spring-tool-suite-4-4.19.0.RELEASE\Sita-master\src\main\java\com\zensar\runner\ASWorkOrderListPage.java]]
[INFO] [parsing completed 0ms]
[INFO] [parsing started SimpleFileObject[C:\Users\satish\Documents\workspace-spring-tool-suite-4-4.19.0.RELEASE\Sita-master\src\main\java\com\zensar\runner\ASSiteListPage.java]]
[INFO] [parsing completed 0ms]
[INFO] [parsing started SimpleFileObject[C:\Users\satish\Documents\workspace-spring-tool-suite-4-4.19.0.RELEASE\Sita-master\src\main\java\com\zensar\stepDefinations\Hooks.java]]
[INFO] [parsing completed 0ms]
[INFO] [loading /modules/jdk.dynalink/module-info.class]
[INFO] [loading /modules/jdk.accessibility/module-info.class]
[INFO] [loading /modules/jdk.management.agent/module-info.class]
[INFO] [loading /modules/jdk.internal.ed/module-info.class]
[INFO] [loading /modules/jdk.hotspot.agent/module-info.class]
[INFO] [loading /modules/jdk.editpad/module-info.class]
[INFO] [loading /modules/jdk.naming.rmi/module-info.class]
[INFO] [loading /modules/java.security.jgss/module-info.class]
[INFO] [loading /modules/jdk.crypto.mscapi/module-info.class]
[INFO] [loading /modules/java.scripting/module-info.class]
[INFO] [loading /modules/java.smartcardio/module-info.class]
[INFO] [loading /modules/java.management.rmi/module-info.class]
[INFO] [loading /modules/jdk.security.auth/module-info.class]
[INFO] [loading /modules/java.management/module-info.class]
[INFO] [loading /modules/jdk.unsupported.desktop/module-info.class]
[INFO] [loading /modules/java.compiler/module-info.class]
[INFO] [loading /modules/jdk.management/module-info.class]
[INFO] [loading /modules/java.base/module-info.class]
[INFO] [loading /modules/jdk.internal.vm.compiler/module-info.class]
[INFO] [loading /modules/jdk.crypto.ec/module-info.class]
[INFO] [loading /modules/java.transaction.xa/module-info.class]
[INFO] [loading /modules/java.security.sasl/module-info.class]
[INFO] [loading /modules/jdk.internal.le/module-info.class]
[INFO] [loading /modules/jdk.net/module-info.class]
[INFO] [loading /modules/jdk.jsobject/module-info.class]
[INFO] [loading /modules/java.datatransfer/module-info.class]
[INFO] [loading /modules/jdk.httpserver/module-info.class]
[INFO] [loading /modules/jdk.charsets/module-info.class]
[INFO] [loading /modules/jdk.attach/module-info.class]
[INFO] [loading /modules/jdk.unsupported/module-info.class]
[INFO] [loading /modules/java.logging/module-info.class]
[INFO] [loading /modules/java.rmi/module-info.class]
[INFO] [loading /modules/jdk.jfr/module-info.class]
[INFO] [loading /modules/java.sql/module-info.class]
[INFO] [loading /modules/jdk.naming.dns/module-info.class]
[INFO] [loading /modules/jdk.localedata/module-info.class]
[INFO] [loading /modules/jdk.jdwp.agent/module-info.class]
[INFO] [loading /modules/java.instrument/module-info.class]
[INFO] [loading /modules/jdk.sctp/module-info.class]
[INFO] [loading /modules/java.xml/module-info.class]
[INFO] [loading /modules/jdk.security.jgss/module-info.class]
[INFO] [loading /modules/jdk.management.jfr/module-info.class]
[INFO] [loading /modules/java.se/module-info.class]
[INFO] [loading /modules/jdk.jartool/module-info.class]
[INFO] [loading /modules/java.net.http/module-info.class]
[INFO] [loading /modules/java.prefs/module-info.class]
[INFO] [loading /modules/jdk.jpackage/module-info.class]
[INFO] [loading /modules/jdk.jcmd/module-info.class]
[INFO] [loading /modules/jdk.crypto.cryptoki/module-info.class]
[INFO] [loading /modules/jdk.incubator.vector/module-info.class]
[INFO] [loading /modules/jdk.jshell/module-info.class]
[INFO] [loading /modules/jdk.compiler/module-info.class]
[INFO] [loading /modules/java.sql.rowset/module-info.class]
[INFO] [loading /modules/jdk.jconsole/module-info.class]
[INFO] [loading /modules/jdk.jlink/module-info.class]
[INFO] [loading /modules/jdk.internal.opt/module-info.class]
[INFO] [loading /modules/jdk.jdi/module-info.class]
[INFO] [loading /modules/jdk.internal.vm.compiler.management/module-info.class]
[INFO] [loading /modules/jdk.incubator.foreign/module-info.class]
[INFO] [loading /modules/jdk.internal.vm.ci/module-info.class]
[INFO] [loading /modules/java.desktop/module-info.class]
[INFO] [loading /modules/jdk.zipfs/module-info.class]
[INFO] [loading /modules/java.naming/module-info.class]
[INFO] [loading /modules/jdk.internal.jvmstat/module-info.class]
[INFO] [loading /modules/jdk.jdeps/module-info.class]
[INFO] [loading /modules/jdk.random/module-info.class]
[INFO] [loading /modules/java.xml.crypto/module-info.class]
[INFO] [loading /modules/jdk.nio.mapmode/module-info.class]
[INFO] [loading /modules/jdk.jstatd/module-info.class]
[INFO] [loading /modules/jdk.xml.dom/module-info.class]
[INFO] [loading /modules/jdk.javadoc/module-info.class]
[INFO] [search path for source files: C:\Users\satish\Documents\workspace-spring-tool-suite-4-4.19.0.RELEASE\Sita-master\src\main\java,C:\Users\satish\Documents\workspace-spring-tool-suite-4-4.19.0.RELEASE\Sita-master\target\generated-sources\annotations]
[INFO] [search path for class files: C:\Program Files\Java\jdk-17\lib\modules,C:\Users\satish\Documents\workspace-spring-tool-suite-4-4.19.0.RELEASE\Sita-master\target\classes,C:\Users\satish\.m2\repository\org\slf4j\slf4j-simple\1.6.1\slf4j-simple-1.6.1.jar,C:\Users\satish\.m2\repository\org\slf4j\slf4j-api\1.6.1\slf4j-api-1.6.1.jar,C:\Users\satish\.m2\repository\com\aventstack\extentreports\4.0.9\extentreports-4.0.9.jar,C:\Users\satish\.m2\repository\org\freemarker\freemarker\2.3.23\freemarker-2.3.23.jar,C:\Users\satish\.m2\repository\org\mongodb\mongodb-driver\3.3.0\mongodb-driver-3.3.0.jar,C:\Users\satish\.m2\repository\org\mongodb\mongodb-driver-core\3.3.0\mongodb-driver-core-3.3.0.jar,C:\Users\satish\.m2\repository\org\mongodb\bson\3.3.0\bson-3.3.0.jar,C:\Users\satish\.m2\repository\org\apache\httpcomponents\httpclient\4.5.2\httpclient-4.5.2.jar,C:\Users\satish\.m2\repository\org\apache\httpcomponents\httpcore\4.4.4\httpcore-4.4.4.jar,C:\Users\satish\.m2\repository\commons-codec\commons-codec\1.9\commons-codec-1.9.jar,C:\Users\satish\.m2\repository\org\apache\httpcomponents\httpmime\4.5.2\httpmime-4.5.2.jar,C:\Users\satish\.m2\repository\com\google\code\gson\gson\2.8.5\gson-2.8.5.jar,C:\Users\satish\.m2\repository\com\relevantcodes\extentreports\2.41.2\extentreports-2.41.2.jar,C:\Users\satish\.m2\repository\org\jsoup\jsoup\1.8.3\jsoup-1.8.3.jar,C:\Users\satish\.m2\repository\org\xerial\sqlite-jdbc\3.8.11.1\sqlite-jdbc-3.8.11.1.jar,C:\Users\satish\.m2\repository\org\testng\testng\7.9.0\testng-7.9.0.jar,C:\Users\satish\.m2\repository\com\beust\jcommander\1.82\jcommander-1.82.jar,C:\Users\satish\.m2\repository\io\appium\java-client\7.6.0\java-client-7.6.0.jar,C:\Users\satish\.m2\repository\org\seleniumhq\selenium\selenium-java\3.141.59\selenium-java-3.141.59.jar,C:\Users\satish\.m2\repository\org\seleniumhq\selenium\selenium-chrome-driver\3.141.59\selenium-chrome-driver-3.141.59.jar,C:\Users\satish\.m2\repository\org\seleniumhq\selenium\selenium-edge-driver\3.141.59\selenium-edge-driver-3.141.59.jar,C:\Users\satish\.m2\repository\org\seleniumhq\selenium\selenium-firefox-driver\3.141.59\selenium-firefox-driver-3.141.59.jar,C:\Users\satish\.m2\repository\org\seleniumhq\selenium\selenium-ie-driver\3.141.59\selenium-ie-driver-3.141.59.jar,C:\Users\satish\.m2\repository\org\seleniumhq\selenium\selenium-opera-driver\3.141.59\selenium-opera-driver-3.141.59.jar,C:\Users\satish\.m2\repository\org\seleniumhq\selenium\selenium-remote-driver\3.141.59\selenium-remote-driver-3.141.59.jar,C:\Users\satish\.m2\repository\org\seleniumhq\selenium\selenium-safari-driver\3.141.59\selenium-safari-driver-3.141.59.jar,C:\Users\satish\.m2\repository\net\bytebuddy\byte-buddy\1.8.15\byte-buddy-1.8.15.jar,C:\Users\satish\.m2\repository\org\apache\commons\commons-exec\1.3\commons-exec-1.3.jar,C:\Users\satish\.m2\repository\com\squareup\okhttp3\okhttp\3.11.0\okhttp-3.11.0.jar,C:\Users\satish\.m2\repository\com\squareup\okio\okio\1.14.0\okio-1.14.0.jar,C:\Users\satish\.m2\repository\org\seleniumhq\selenium\selenium-support\3.141.59\selenium-support-3.141.59.jar,C:\Users\satish\.m2\repository\org\seleniumhq\selenium\selenium-api\3.141.59\selenium-api-3.141.59.jar,C:\Users\satish\.m2\repository\commons-collections\commons-collections\3.2.2\commons-collections-3.2.2.jar,C:\Users\satish\.m2\repository\org\apache\commons\commons-lang3\3.12.0\commons-lang3-3.12.0.jar,C:\Users\satish\.m2\repository\org\java-websocket\Java-WebSocket\1.5.3\Java-WebSocket-1.5.3.jar,C:\Users\satish\.m2\repository\io\cucumber\cucumber-testng\4.2.0\cucumber-testng-4.2.0.jar,C:\Users\satish\.m2\repository\io\cucumber\cucumber-core\4.2.0\cucumber-core-4.2.0.jar,C:\Users\satish\.m2\repository\io\cucumber\cucumber-html\0.2.7\cucumber-html-0.2.7.jar,C:\Users\satish\.m2\repository\io\cucumber\tag-expressions\1.1.1\tag-expressions-1.1.1.jar,C:\Users\satish\.m2\repository\io\cucumber\cucumber-expressions\6.2.0\cucumber-expressions-6.2.0.jar,C:\Users\satish\.m2\repository\io\cucumber\datatable\1.1.7\datatable-1.1.7.jar,C:\Users\satish\.m2\repository\io\cucumber\datatable-dependencies\1.1.7\datatable-dependencies-1.1.7.jar,C:\Users\satish\.m2\repository\io\cucumber\gherkin\5.1.0\gherkin-5.1.0.jar,C:\Users\satish\.m2\repository\io\cucumber\gherkin\5.1.0\gherkin-jvm-deps-1.0.4.jar,C:\Users\satish\.m2\repository\io\cucumber\cucumber-java\4.2.0\cucumber-java-4.2.0.jar,C:\Users\satish\.m2\repository\io\cucumber\cucumber-jvm-deps\1.0.6\cucumber-jvm-deps-1.0.6.jar,C:\Users\satish\.m2\repository\net\masterthought\cucumber-reporting\3.8.0\cucumber-reporting-3.8.0.jar,C:\Users\satish\.m2\repository\org\apache\logging\log4j\log4j-api\2.6\log4j-api-2.6.jar,C:\Users\satish\.m2\repository\org\apache\logging\log4j\log4j-core\2.6\log4j-core-2.6.jar,C:\Users\satish\.m2\repository\org\apache\velocity\velocity\1.7\velocity-1.7.jar,C:\Users\satish\.m2\repository\commons-lang\commons-lang\2.4\commons-lang-2.4.jar,C:\Users\satish\.m2\repository\velocity-tools\velocity-tools\1.4\velocity-tools-1.4.jar,C:\Users\satish\.m2\repository\joda-time\joda-time\2.9.6\joda-time-2.9.6.jar,C:\Users\satish\.m2\repository\net\lingala\zip4j\zip4j\1.3.2\zip4j-1.3.2.jar,C:\Users\satish\.m2\repository\org\codehaus\plexus\plexus-utils\3.0.24\plexus-utils-3.0.24.jar,C:\Users\satish\.m2\repository\com\googlecode\owasp-java-html-sanitizer\owasp-java-html-sanitizer\20160924.1\owasp-java-html-sanitizer-20160924.1.jar,C:\Users\satish\.m2\repository\org\apache\poi\poi-ooxml\3.9\poi-ooxml-3.9.jar,C:\Users\satish\.m2\repository\org\apache\poi\poi\3.9\poi-3.9.jar,C:\Users\satish\.m2\repository\org\apache\poi\poi-ooxml-schemas\3.9\poi-ooxml-schemas-3.9.jar,C:\Users\satish\.m2\repository\org\apache\xmlbeans\xmlbeans\2.3.0\xmlbeans-2.3.0.jar,C:\Users\satish\.m2\repository\stax\stax-api\1.0.1\stax-api-1.0.1.jar,C:\Users\satish\.m2\repository\dom4j\dom4j\1.6.1\dom4j-1.6.1.jar,C:\Users\satish\.m2\repository\xml-apis\xml-apis\1.0.b2\xml-apis-1.0.b2.jar,C:\Users\satish\.m2\repository\org\apache\pdfbox\pdfbox\2.0.11\pdfbox-2.0.11.jar,C:\Users\satish\.m2\repository\org\apache\pdfbox\fontbox\2.0.11\fontbox-2.0.11.jar,C:\Users\satish\.m2\repository\commons-logging\commons-logging\1.2\commons-logging-1.2.jar,C:\Users\satish\.m2\repository\com\codoid\products\fillo\1.16\fillo-1.16.jar,C:\Users\satish\.m2\repository\net\lightbody\bmp\browsermob-core\2.1.5\browsermob-core-2.1.5.jar,C:\Users\satish\.m2\repository\net\lightbody\bmp\littleproxy\1.1.0-beta-bmp-17\littleproxy-1.1.0-beta-bmp-17.jar,C:\Users\satish\.m2\repository\dnsjava\dnsjava\2.1.8\dnsjava-2.1.8.jar,C:\Users\satish\.m2\repository\org\slf4j\jcl-over-slf4j\1.7.25\jcl-over-slf4j-1.7.25.jar,C:\Users\satish\.m2\repository\com\jcraft\jzlib\1.1.3\jzlib-1.1.3.jar,C:\Users\satish\.m2\repository\io\netty\netty-all\4.0.51.Final\netty-all-4.0.51.Final.jar,C:\Users\satish\.m2\repository\org\bouncycastle\bcprov-jdk15on\1.58\bcprov-jdk15on-1.58.jar,C:\Users\satish\.m2\repository\org\bouncycastle\bcpkix-jdk15on\1.58\bcpkix-jdk15on-1.58.jar,C:\Users\satish\.m2\repository\net\lightbody\bmp\mitm\2.1.5\mitm-2.1.5.jar,C:\Users\satish\.m2\repository\com\google\guava\guava\26.0-jre\guava-26.0-jre.jar,C:\Users\satish\.m2\repository\com\google\code\findbugs\jsr305\3.0.2\jsr305-3.0.2.jar,C:\Users\satish\.m2\repository\org\checkerframework\checker-qual\2.5.2\checker-qual-2.5.2.jar,C:\Users\satish\.m2\repository\com\google\errorprone\error_prone_annotations\2.1.3\error_prone_annotations-2.1.3.jar,C:\Users\satish\.m2\repository\com\google\j2objc\j2objc-annotations\1.1\j2objc-annotations-1.1.jar,C:\Users\satish\.m2\repository\org\codehaus\mojo\animal-sniffer-annotations\1.14\animal-sniffer-annotations-1.14.jar,C:\Users\satish\.m2\repository\org\glassfish\jersey\inject\jersey-hk2\2.27\jersey-hk2-2.27.jar,C:\Users\satish\.m2\repository\org\glassfish\hk2\hk2-locator\2.5.0-b42\hk2-locator-2.5.0-b42.jar,C:\Users\satish\.m2\repository\org\glassfish\hk2\external\aopalliance-repackaged\2.5.0-b42\aopalliance-repackaged-2.5.0-b42.jar,C:\Users\satish\.m2\repository\org\glassfish\hk2\hk2-api\2.5.0-b42\hk2-api-2.5.0-b42.jar,C:\Users\satish\.m2\repository\javax\inject\javax.inject\1\javax.inject-1.jar,C:\Users\satish\.m2\repository\org\glassfish\hk2\hk2-utils\2.5.0-b42\hk2-utils-2.5.0-b42.jar,C:\Users\satish\.m2\repository\org\javassist\javassist\3.22.0-CR2\javassist-3.22.0-CR2.jar,C:\Users\satish\.m2\repository\org\eclipse\jetty\jetty-servlet\9.4.11.v20180605\jetty-servlet-9.4.11.v20180605.jar,C:\Users\satish\.m2\repository\org\eclipse\jetty\jetty-security\9.4.11.v20180605\jetty-security-9.4.11.v20180605.jar,C:\Users\satish\.m2\repository\org\eclipse\jetty\jetty-server\9.4.11.v20180605\jetty-server-9.4.11.v20180605.jar,C:\Users\satish\.m2\repository\javax\servlet\javax.servlet-api\3.1.0\javax.servlet-api-3.1.0.jar,C:\Users\satish\.m2\repository\org\eclipse\jetty\jetty-http\9.4.11.v20180605\jetty-http-9.4.11.v20180605.jar,C:\Users\satish\.m2\repository\org\eclipse\jetty\jetty-util\9.4.11.v20180605\jetty-util-9.4.11.v20180605.jar,C:\Users\satish\.m2\repository\org\eclipse\jetty\jetty-io\9.4.11.v20180605\jetty-io-9.4.11.v20180605.jar,C:\Users\satish\.m2\repository\org\eclipse\jetty\jetty-http-spi\9.4.11.v20180605\jetty-http-spi-9.4.11.v20180605.jar,C:\Users\satish\.m2\repository\commons-io\commons-io\2.5\commons-io-2.5.jar,C:\Users\satish\.m2\repository\org\glassfish\jersey\core\jersey-server\2.27\jersey-server-2.27.jar,C:\Users\satish\.m2\repository\org\glassfish\jersey\core\jersey-client\2.27\jersey-client-2.27.jar,C:\Users\satish\.m2\repository\javax\ws\rs\javax.ws.rs-api\2.1\javax.ws.rs-api-2.1.jar,C:\Users\satish\.m2\repository\org\glassfish\jersey\media\jersey-media-jaxb\2.27\jersey-media-jaxb-2.27.jar,C:\Users\satish\.m2\repository\javax\annotation\javax.annotation-api\1.2\javax.annotation-api-1.2.jar,C:\Users\satish\.m2\repository\org\glassfish\hk2\external\javax.inject\2.5.0-b42\javax.inject-2.5.0-b42.jar,C:\Users\satish\.m2\repository\javax\validation\validation-api\1.1.0.Final\validation-api-1.1.0.Final.jar,C:\Users\satish\.m2\repository\org\glassfish\jersey\containers\jersey-container-servlet-core\2.27\jersey-container-servlet-core-2.27.jar,C:\Users\satish\.m2\repository\org\glassfish\jersey\core\jersey-common\2.27\jersey-common-2.27.jar,C:\Users\satish\.m2\repository\org\glassfish\hk2\osgi-resource-locator\1.0.1\osgi-resource-locator-1.0.1.jar,C:\Users\satish\.m2\repository\com\sun\jersey\jersey-client\1.19.4\jersey-client-1.19.4.jar,C:\Users\satish\.m2\repository\com\sun\jersey\jersey-core\1.19.4\jersey-core-1.19.4.jar,C:\Users\satish\.m2\repository\javax\ws\rs\jsr311-api\1.1.1\jsr311-api-1.1.1.jar,C:\Users\satish\.m2\repository\org\glassfish\jersey\media\jersey-media-multipart\2.27\jersey-media-multipart-2.27.jar,C:\Users\satish\.m2\repository\org\jvnet\mimepull\mimepull\1.9.6\mimepull-1.9.6.jar,C:\Users\satish\.m2\repository\org\json\json\20180130\json-20180130.jar,C:\Users\satish\.m2\repository\com\googlecode\json-simple\json-simple\1.1.1\json-simple-1.1.1.jar,C:\Users\satish\.m2\repository\com\networknt\json-schema-validator\1.0.72\json-schema-validator-1.0.72.jar,C:\Users\satish\.m2\repository\com\ethlo\time\itu\1.7.0\itu-1.7.0.jar,C:\Users\satish\.m2\repository\org\glassfish\jersey\media\jersey-media-json-jackson\2.27\jersey-media-json-jackson-2.27.jar,C:\Users\satish\.m2\repository\org\glassfish\jersey\ext\jersey-entity-filtering\2.27\jersey-entity-filtering-2.27.jar,C:\Users\satish\.m2\repository\com\fasterxml\jackson\module\jackson-module-jaxb-annotations\2.8.10\jackson-module-jaxb-annotations-2.8.10.jar,C:\Users\satish\.m2\repository\com\opencsv\opencsv\4.2\opencsv-4.2.jar,C:\Users\satish\.m2\repository\org\apache\commons\commons-text\1.3\commons-text-1.3.jar,C:\Users\satish\.m2\repository\commons-beanutils\commons-beanutils\1.9.3\commons-beanutils-1.9.3.jar,C:\Users\satish\.m2\repository\org\apache\commons\commons-collections4\4.1\commons-collections4-4.1.jar,C:\Users\satish\.m2\repository\org\glassfish\jersey\containers\jersey-container-simple-http\2.27\jersey-container-simple-http-2.27.jar,C:\Users\satish\.m2\repository\org\simpleframework\simple-http\6.0.1\simple-http-6.0.1.jar,C:\Users\satish\.m2\repository\org\simpleframework\simple-transport\6.0.1\simple-transport-6.0.1.jar,C:\Users\satish\.m2\repository\org\simpleframework\simple-common\6.0.1\simple-common-6.0.1.jar,C:\Users\satish\.m2\repository\com\fasterxml\jackson\core\jackson-core\2.9.6\jackson-core-2.9.6.jar,C:\Users\satish\.m2\repository\com\fasterxml\jackson\core\jackson-databind\2.9.6\jackson-databind-2.9.6.jar,C:\Users\satish\.m2\repository\com\fasterxml\jackson\core\jackson-annotations\2.9.6\jackson-annotations-2.9.6.jar,C:\Users\satish\.m2\repository\io\github\bonigarcia\webdrivermanager\5.5.3\webdrivermanager-5.5.3.jar,C:\Users\satish\.m2\repository\com\github\docker-java\docker-java\3.3.3\docker-java-3.3.3.jar,C:\Users\satish\.m2\repository\com\github\docker-java\docker-java-core\3.3.3\docker-java-core-3.3.3.jar,C:\Users\satish\.m2\repository\com\github\docker-java\docker-java-api\3.3.3\docker-java-api-3.3.3.jar,C:\Users\satish\.m2\repository\org\apache\commons\commons-compress\1.21\commons-compress-1.21.jar,C:\Users\satish\.m2\repository\org\bouncycastle\bcpkix-jdk18on\1.75\bcpkix-jdk18on-1.75.jar,C:\Users\satish\.m2\repository\org\bouncycastle\bcprov-jdk18on\1.75\bcprov-jdk18on-1.75.jar,C:\Users\satish\.m2\repository\org\bouncycastle\bcutil-jdk18on\1.75\bcutil-jdk18on-1.75.jar,C:\Users\satish\.m2\repository\com\github\docker-java\docker-java-transport-httpclient5\3.3.3\docker-java-transport-httpclient5-3.3.3.jar,C:\Users\satish\.m2\repository\com\github\docker-java\docker-java-transport\3.3.3\docker-java-transport-3.3.3.jar,C:\Users\satish\.m2\repository\net\java\dev\jna\jna\5.12.1\jna-5.12.1.jar,C:\Users\satish\.m2\repository\org\brotli\dec\0.1.2\dec-0.1.2.jar,C:\Users\satish\.m2\repository\org\apache\httpcomponents\client5\httpclient5\5.2.1\httpclient5-5.2.1.jar,C:\Users\satish\.m2\repository\org\apache\httpcomponents\core5\httpcore5\5.2\httpcore5-5.2.jar,C:\Users\satish\.m2\repository\org\apache\httpcomponents\core5\httpcore5-h2\5.2\httpcore5-h2-5.2.jar,.]
[INFO] [loading /modules/java.base/java/net/InetAddress.class]
[INFO] [loading /modules/java.base/java/lang/Object.class]
[INFO] [loading /modules/java.base/java/lang/String.class]
[INFO] [loading /modules/java.desktop/java/awt/AWTException.class]
[INFO] [loading /modules/java.desktop/java/awt/Robot.class]
[INFO] [loading /modules/java.desktop/java/awt/event/InputEvent.class]
[INFO] [loading /modules/java.desktop/java/awt/event/KeyEvent.class]
[INFO] [loading /modules/java.base/java/text/SimpleDateFormat.class]
[INFO] [loading /modules/java.base/java/util/ArrayList.class]
[INFO] [loading /modules/java.base/java/util/Calendar.class]
[INFO] [loading /modules/java.base/java/util/Date.class]
[INFO] [loading /modules/java.base/java/util/Map.class]
[INFO] [loading C:\Users\satish\.m2\repository\io\appium\java-client\7.6.0\java-client-7.6.0.jar(/org/openqa/selenium/WebElement.class)]
[INFO] [loading C:\Users\satish\.m2\repository\org\testng\testng\7.9.0\testng-7.9.0.jar(/org/testng/Assert.class)]
[INFO] [loading /modules/java.base/java/text/ParseException.class]
[INFO] [loading /modules/java.base/java/time/LocalDateTime.class]
[INFO] [loading /modules/java.base/java/time/format/DateTimeFormatter.class]
[INFO] [loading /modules/java.base/java/util/Base64.class]
[INFO] [loading /modules/java.base/java/util/LinkedList.class]
[INFO] [loading /modules/java.base/java/util/List.class]
[INFO] [loading /modules/java.base/java/util/Queue.class]
[INFO] [loading /modules/java.base/java/util/Set.class]
[INFO] [loading /modules/java.base/java/util/concurrent/TimeUnit.class]
[INFO] [loading /modules/java.base/java/util/regex/Matcher.class]
[INFO] [loading /modules/java.base/java/util/regex/Pattern.class]
[INFO] [loading C:\Users\satish\.m2\repository\org\seleniumhq\selenium\selenium-api\3.141.59\selenium-api-3.141.59.jar(/org/openqa/selenium/Alert.class)]
[INFO] [loading C:\Users\satish\.m2\repository\org\seleniumhq\selenium\selenium-api\3.141.59\selenium-api-3.141.59.jar(/org/openqa/selenium/By.class)]
[INFO] [loading C:\Users\satish\.m2\repository\org\seleniumhq\selenium\selenium-api\3.141.59\selenium-api-3.141.59.jar(/org/openqa/selenium/JavascriptExecutor.class)]
[INFO] [loading C:\Users\satish\.m2\repository\org\seleniumhq\selenium\selenium-api\3.141.59\selenium-api-3.141.59.jar(/org/openqa/selenium/Keys.class)]
[INFO] [loading C:\Users\satish\.m2\repository\org\seleniumhq\selenium\selenium-api\3.141.59\selenium-api-3.141.59.jar(/org/openqa/selenium/NoSuchElementException.class)]
[INFO] [loading C:\Users\satish\.m2\repository\org\seleniumhq\selenium\selenium-api\3.141.59\selenium-api-3.141.59.jar(/org/openqa/selenium/OutputType.class)]
[INFO] [loading C:\Users\satish\.m2\repository\org\seleniumhq\selenium\selenium-api\3.141.59\selenium-api-3.141.59.jar(/org/openqa/selenium/StaleElementReferenceException.class)]
[INFO] [loading C:\Users\satish\.m2\repository\org\seleniumhq\selenium\selenium-api\3.141.59\selenium-api-3.141.59.jar(/org/openqa/selenium/TakesScreenshot.class)]
[INFO] [loading C:\Users\satish\.m2\repository\org\seleniumhq\selenium\selenium-api\3.141.59\selenium-api-3.141.59.jar(/org/openqa/selenium/TimeoutException.class)]
[INFO] [loading C:\Users\satish\.m2\repository\io\appium\java-client\7.6.0\java-client-7.6.0.jar(/org/openqa/selenium/WebDriver.class)]
[INFO] [loading C:\Users\satish\.m2\repository\org\seleniumhq\selenium\selenium-api\3.141.59\selenium-api-3.141.59.jar(/org/openqa/selenium/WebDriverException.class)]
[INFO] [loading C:\Users\satish\.m2\repository\org\seleniumhq\selenium\selenium-api\3.141.59\selenium-api-3.141.59.jar(/org/openqa/selenium/interactions/Actions.class)]
[INFO] [loading C:\Users\satish\.m2\repository\org\seleniumhq\selenium\selenium-remote-driver\3.141.59\selenium-remote-driver-3.141.59.jar(/org/openqa/selenium/remote/RemoteWebDriver.class)]
[INFO] [loading C:\Users\satish\.m2\repository\org\seleniumhq\selenium\selenium-support\3.141.59\selenium-support-3.141.59.jar(/org/openqa/selenium/support/PageFactory.class)]
[INFO] [loading C:\Users\satish\.m2\repository\org\seleniumhq\selenium\selenium-support\3.141.59\selenium-support-3.141.59.jar(/org/openqa/selenium/support/events/EventFiringWebDriver.class)]
[INFO] [loading C:\Users\satish\.m2\repository\org\seleniumhq\selenium\selenium-support\3.141.59\selenium-support-3.141.59.jar(/org/openqa/selenium/support/ui/ExpectedConditions.class)]
[INFO] [loading C:\Users\satish\.m2\repository\org\seleniumhq\selenium\selenium-support\3.141.59\selenium-support-3.141.59.jar(/org/openqa/selenium/support/ui/FluentWait.class)]
[INFO] [loading C:\Users\satish\.m2\repository\org\seleniumhq\selenium\selenium-support\3.141.59\selenium-support-3.141.59.jar(/org/openqa/selenium/support/ui/Select.class)]
[INFO] [loading C:\Users\satish\.m2\repository\org\seleniumhq\selenium\selenium-support\3.141.59\selenium-support-3.141.59.jar(/org/openqa/selenium/support/ui/Wait.class)]
[INFO] [loading C:\Users\satish\.m2\repository\org\seleniumhq\selenium\selenium-support\3.141.59\selenium-support-3.141.59.jar(/org/openqa/selenium/support/ui/WebDriverWait.class)]
[INFO] [loading C:\Users\satish\.m2\repository\org\testng\testng\7.9.0\testng-7.9.0.jar(/org/testng/asserts/IAssert.class)]
[INFO] [loading C:\Users\satish\.m2\repository\org\testng\testng\7.9.0\testng-7.9.0.jar(/org/testng/asserts/SoftAssert.class)]
[INFO] [loading C:\Users\satish\.m2\repository\io\appium\java-client\7.6.0\java-client-7.6.0.jar(/io/appium/java_client/ios/IOSDriver.class)]
[INFO] [loading C:\Users\satish\.m2\repository\io\appium\java-client\7.6.0\java-client-7.6.0.jar(/io/appium/java_client/pagefactory/AppiumFieldDecorator.class)]
[INFO] [loading C:\Users\satish\.m2\repository\io\appium\java-client\7.6.0\java-client-7.6.0.jar(/io/appium/java_client/windows/WindowsDriver.class)]
[INFO] [loading /modules/java.base/java/io/File.class]
[INFO] [loading /modules/java.base/java/time/Duration.class]
[INFO] [loading /modules/java.base/java/util/HashMap.class]
[INFO] [loading C:\Users\satish\.m2\repository\commons-lang\commons-lang\2.4\commons-lang-2.4.jar(/org/apache/commons/lang/StringUtils.class)]
[INFO] [loading C:\Users\satish\.m2\repository\org\seleniumhq\selenium\selenium-support\3.141.59\selenium-support-3.141.59.jar(/org/openqa/selenium/support/events/WebDriverEventListener.class)]
[INFO] [loading C:\Users\satish\.m2\repository\io\cucumber\cucumber-core\4.2.0\cucumber-core-4.2.0.jar(/cucumber/api/Scenario.class)]
[INFO] [loading /modules/java.base/java/lang/Character.class]
[INFO] [loading /modules/java.base/java/lang/Throwable.class]
[INFO] [loading /modules/java.base/java/lang/InterruptedException.class]
[INFO] [loading /modules/java.base/java/io/BufferedReader.class]
[INFO] [loading /modules/java.base/java/io/IOException.class]
[INFO] [loading /modules/java.base/java/io/InputStreamReader.class]
[INFO] [loading /modules/java.base/java/net/Inet4Address.class]
[INFO] [loading /modules/java.base/java/net/MalformedURLException.class]
[INFO] [loading /modules/java.base/java/net/URL.class]
[INFO] [loading /modules/java.base/java/net/UnknownHostException.class]
[INFO] [loading /modules/java.logging/java/util/logging/Level.class]
[INFO] [loading C:\Users\satish\.m2\repository\org\seleniumhq\selenium\selenium-api\3.141.59\selenium-api-3.141.59.jar(/org/openqa/selenium/Proxy.class)]
[INFO] [loading C:\Users\satish\.m2\repository\org\seleniumhq\selenium\selenium-chrome-driver\3.141.59\selenium-chrome-driver-3.141.59.jar(/org/openqa/selenium/chrome/ChromeDriver.class)]
[INFO] [loading C:\Users\satish\.m2\repository\org\seleniumhq\selenium\selenium-chrome-driver\3.141.59\selenium-chrome-driver-3.141.59.jar(/org/openqa/selenium/chrome/ChromeOptions.class)]
[INFO] [loading C:\Users\satish\.m2\repository\org\seleniumhq\selenium\selenium-firefox-driver\3.141.59\selenium-firefox-driver-3.141.59.jar(/org/openqa/selenium/firefox/FirefoxDriver.class)]
[INFO] [loading C:\Users\satish\.m2\repository\org\seleniumhq\selenium\selenium-ie-driver\3.141.59\selenium-ie-driver-3.141.59.jar(/org/openqa/selenium/ie/InternetExplorerDriver.class)]
[INFO] [loading C:\Users\satish\.m2\repository\org\seleniumhq\selenium\selenium-api\3.141.59\selenium-api-3.141.59.jar(/org/openqa/selenium/logging/LogType.class)]
[INFO] [loading C:\Users\satish\.m2\repository\org\seleniumhq\selenium\selenium-api\3.141.59\selenium-api-3.141.59.jar(/org/openqa/selenium/logging/LoggingPreferences.class)]
[INFO] [loading C:\Users\satish\.m2\repository\org\seleniumhq\selenium\selenium-ie-driver\3.141.59\selenium-ie-driver-3.141.59.jar(/org/openqa/selenium/ie/InternetExplorerOptions.class)]
[INFO] [loading C:\Users\satish\.m2\repository\org\seleniumhq\selenium\selenium-remote-driver\3.141.59\selenium-remote-driver-3.141.59.jar(/org/openqa/selenium/remote/BrowserType.class)]
[INFO] [loading C:\Users\satish\.m2\repository\org\seleniumhq\selenium\selenium-remote-driver\3.141.59\selenium-remote-driver-3.141.59.jar(/org/openqa/selenium/remote/CapabilityType.class)]
[INFO] [loading C:\Users\satish\.m2\repository\org\seleniumhq\selenium\selenium-remote-driver\3.141.59\selenium-remote-driver-3.141.59.jar(/org/openqa/selenium/remote/DesiredCapabilities.class)]
[INFO] [loading C:\Users\satish\.m2\repository\io\github\bonigarcia\webdrivermanager\5.5.3\webdrivermanager-5.5.3.jar(/io/github/bonigarcia/wdm/WebDriverManager.class)]
[INFO] [loading C:\Users\satish\.m2\repository\net\lightbody\bmp\browsermob-core\2.1.5\browsermob-core-2.1.5.jar(/net/lightbody/bmp/BrowserMobProxy.class)]
[INFO] [loading C:\Users\satish\.m2\repository\net\lightbody\bmp\browsermob-core\2.1.5\browsermob-core-2.1.5.jar(/net/lightbody/bmp/BrowserMobProxyServer.class)]
[INFO] [loading C:\Users\satish\.m2\repository\net\lightbody\bmp\browsermob-core\2.1.5\browsermob-core-2.1.5.jar(/net/lightbody/bmp/client/ClientUtil.class)]
[INFO] [loading C:\Users\satish\.m2\repository\net\lightbody\bmp\browsermob-core\2.1.5\browsermob-core-2.1.5.jar(/net/lightbody/bmp/core/har/Har.class)]
[INFO] [loading C:\Users\satish\.m2\repository\net\lightbody\bmp\browsermob-core\2.1.5\browsermob-core-2.1.5.jar(/net/lightbody/bmp/proxy/CaptureType.class)]
[INFO] [loading /modules/java.base/java/lang/ThreadLocal.class]
[INFO] [loading /modules/java.base/java/lang/Enum.class]
[INFO] [loading /modules/java.base/java/lang/constant/Constable.class]
[INFO] [loading /modules/java.base/java/lang/Comparable.class]
[INFO] [loading /modules/java.base/java/io/Serializable.class]
[INFO] [loading /modules/java.base/java/lang/Exception.class]
[INFO] [loading /modules/java.base/java/lang/Boolean.class]
[INFO] [loading /modules/java.base/java/lang/NullPointerException.class]
[INFO] [loading C:\Users\satish\.m2\repository\io\cucumber\cucumber-java\4.2.0\cucumber-java-4.2.0.jar(/cucumber/api/java/en/And.class)]
[INFO] [loading C:\Users\satish\.m2\repository\io\cucumber\cucumber-java\4.2.0\cucumber-java-4.2.0.jar(/cucumber/api/java/en/Given.class)]
[INFO] [loading C:\Users\satish\.m2\repository\io\cucumber\cucumber-java\4.2.0\cucumber-java-4.2.0.jar(/cucumber/api/java/en/Then.class)]
[INFO] [loading C:\Users\satish\.m2\repository\io\cucumber\cucumber-java\4.2.0\cucumber-java-4.2.0.jar(/cucumber/api/java/en/When.class)]
[INFO] [loading C:\Users\satish\.m2\repository\org\seleniumhq\selenium\selenium-support\3.141.59\selenium-support-3.141.59.jar(/org/openqa/selenium/support/FindBy.class)]
[INFO] [loading C:\Users\satish\.m2\repository\org\testng\testng\7.9.0\testng-7.9.0.jar(/org/testng/annotations/AfterClass.class)]
[INFO] [loading C:\Users\satish\.m2\repository\org\testng\testng\7.9.0\testng-7.9.0.jar(/org/testng/annotations/BeforeClass.class)]
[INFO] [loading C:\Users\satish\.m2\repository\org\testng\testng\7.9.0\testng-7.9.0.jar(/org/testng/annotations/DataProvider.class)]
[INFO] [loading C:\Users\satish\.m2\repository\org\testng\testng\7.9.0\testng-7.9.0.jar(/org/testng/annotations/Parameters.class)]
[INFO] [loading C:\Users\satish\.m2\repository\org\testng\testng\7.9.0\testng-7.9.0.jar(/org/testng/annotations/Test.class)]
[INFO] [loading C:\Users\satish\.m2\repository\io\cucumber\cucumber-core\4.2.0\cucumber-core-4.2.0.jar(/cucumber/api/CucumberOptions.class)]
[INFO] [loading C:\Users\satish\.m2\repository\io\cucumber\cucumber-testng\4.2.0\cucumber-testng-4.2.0.jar(/cucumber/api/testng/PickleEventWrapper.class)]
[INFO] [loading C:\Users\satish\.m2\repository\io\cucumber\cucumber-testng\4.2.0\cucumber-testng-4.2.0.jar(/cucumber/api/testng/TestNGCucumberRunner.class)]
[INFO] [loading /modules/java.base/java/util/function/BiConsumer.class]
[INFO] [loading C:\Users\satish\.m2\repository\io\cucumber\cucumber-core\4.2.0\cucumber-core-4.2.0.jar(/cucumber/api/SnippetType.class)]
[INFO] [loading C:\Users\satish\.m2\repository\io\cucumber\cucumber-testng\4.2.0\cucumber-testng-4.2.0.jar(/cucumber/api/testng/CucumberFeatureWrapper.class)]
[INFO] [loading /modules/java.base/java/lang/CharSequence.class]
[INFO] [loading C:\Users\satish\.m2\repository\commons-io\commons-io\2.5\commons-io-2.5.jar(/org/apache/commons/io/FileUtils.class)]
[INFO] [loading C:\Users\satish\.m2\repository\com\codoid\products\fillo\1.16\fillo-1.16.jar(/com/codoid/products/exception/FilloException.class)]
[INFO] [loading C:\Users\satish\.m2\repository\com\codoid\products\fillo\1.16\fillo-1.16.jar(/com/codoid/products/fillo/Connection.class)]
[INFO] [loading C:\Users\satish\.m2\repository\com\codoid\products\fillo\1.16\fillo-1.16.jar(/com/codoid/products/fillo/Fillo.class)]
[INFO] [loading C:\Users\satish\.m2\repository\com\codoid\products\fillo\1.16\fillo-1.16.jar(/com/codoid/products/fillo/Recordset.class)]
[INFO] [loading /modules/java.desktop/java/awt/BasicStroke.class]
[INFO] [loading /modules/java.desktop/java/awt/Color.class]
[INFO] [loading /modules/java.desktop/java/awt/Graphics2D.class]
[INFO] [loading /modules/java.desktop/java/awt/image/BufferedImage.class]
[INFO] [loading /modules/java.base/java/io/ByteArrayOutputStream.class]
[INFO] [loading /modules/java.base/java/util/function/Function.class]
[INFO] [loading /modules/java.desktop/javax/imageio/ImageIO.class]
[INFO] [loading C:\Users\satish\.m2\repository\org\seleniumhq\selenium\selenium-api\3.141.59\selenium-api-3.141.59.jar(/org/openqa/selenium/Point.class)]
[INFO] [loading C:\Users\satish\.m2\repository\org\seleniumhq\selenium\selenium-remote-driver\3.141.59\selenium-remote-driver-3.141.59.jar(/org/openqa/selenium/remote/RemoteWebElement.class)]
[INFO] [loading C:\Users\satish\.m2\repository\io\appium\java-client\7.6.0\java-client-7.6.0.jar(/io/appium/java_client/AppiumDriver.class)]
[INFO] [loading C:\Users\satish\.m2\repository\io\appium\java-client\7.6.0\java-client-7.6.0.jar(/io/appium/java_client/MobileBy.class)]
[INFO] [loading C:\Users\satish\.m2\repository\io\appium\java-client\7.6.0\java-client-7.6.0.jar(/io/appium/java_client/MobileElement.class)]
[INFO] [loading C:\Users\satish\.m2\repository\io\appium\java-client\7.6.0\java-client-7.6.0.jar(/io/appium/java_client/PerformsTouchActions.class)]
[INFO] [loading C:\Users\satish\.m2\repository\io\appium\java-client\7.6.0\java-client-7.6.0.jar(/io/appium/java_client/TouchAction.class)]
[INFO] [loading C:\Users\satish\.m2\repository\io\appium\java-client\7.6.0\java-client-7.6.0.jar(/io/appium/java_client/ios/IOSElement.class)]
[INFO] [loading C:\Users\satish\.m2\repository\io\appium\java-client\7.6.0\java-client-7.6.0.jar(/io/appium/java_client/touch/WaitOptions.class)]
[INFO] [loading C:\Users\satish\.m2\repository\io\appium\java-client\7.6.0\java-client-7.6.0.jar(/io/appium/java_client/touch/offset/PointOption.class)]
[INFO] [loading C:\Users\satish\.m2\repository\commons-collections\commons-collections\3.2.2\commons-collections-3.2.2.jar(/org/apache/commons/collections/map/HashedMap.class)]
[INFO] [loading C:\Users\satish\.m2\repository\com\google\code\gson\gson\2.8.5\gson-2.8.5.jar(/com/google/gson/Gson.class)]
[INFO] [loading C:\Users\satish\.m2\repository\com\sun\jersey\jersey-client\1.19.4\jersey-client-1.19.4.jar(/com/sun/jersey/api/client/Client.class)]
[INFO] [loading C:\Users\satish\.m2\repository\com\sun\jersey\jersey-client\1.19.4\jersey-client-1.19.4.jar(/com/sun/jersey/api/client/ClientResponse.class)]
[INFO] [loading C:\Users\satish\.m2\repository\com\sun\jersey\jersey-client\1.19.4\jersey-client-1.19.4.jar(/com/sun/jersey/api/client/WebResource.class)]
[INFO] [loading C:\Users\satish\.m2\repository\com\sun\jersey\jersey-client\1.19.4\jersey-client-1.19.4.jar(/com/sun/jersey/api/client/WebResource$Builder.class)]
[INFO] [loading C:\Users\satish\.m2\repository\com\sun\jersey\jersey-client\1.19.4\jersey-client-1.19.4.jar(/com/sun/jersey/api/client/config/ClientConfig.class)]
[INFO] [loading C:\Users\satish\.m2\repository\com\sun\jersey\jersey-client\1.19.4\jersey-client-1.19.4.jar(/com/sun/jersey/api/client/config/DefaultClientConfig.class)]
[INFO] [loading /modules/java.base/java/net/ProtocolException.class]
[INFO] [loading /modules/java.base/java/util/Map$Entry.class]
[INFO] [loading C:\Users\satish\.m2\repository\javax\ws\rs\javax.ws.rs-api\2.1\javax.ws.rs-api-2.1.jar(/javax/ws/rs/core/MediaType.class)]
[INFO] [loading C:\Users\satish\.m2\repository\org\glassfish\jersey\media\jersey-media-multipart\2.27\jersey-media-multipart-2.27.jar(/org/glassfish/jersey/media/multipart/FormDataMultiPart.class)]
[INFO] [loading C:\Users\satish\.m2\repository\org\glassfish\jersey\media\jersey-media-multipart\2.27\jersey-media-multipart-2.27.jar(/org/glassfish/jersey/media/multipart/file/FileDataBodyPart.class)]
[INFO] [loading C:\Users\satish\.m2\repository\org\glassfish\jersey\media\jersey-media-multipart\2.27\jersey-media-multipart-2.27.jar(/org/glassfish/jersey/media/multipart/internal/MultiPartWriter.class)]
[INFO] [loading C:\Users\satish\.m2\repository\org\json\json\20180130\json-20180130.jar(/org/json/JSONObject.class)]
[INFO] [loading /modules/java.sql/java/sql/Timestamp.class]
[INFO] [loading C:\Users\satish\.m2\repository\org\testng\testng\7.9.0\testng-7.9.0.jar(/org/testng/asserts/Assertion.class)]
[INFO] [loading C:\Users\satish\.m2\repository\org\testng\testng\7.9.0\testng-7.9.0.jar(/org/testng/asserts/IAssertLifecycle.class)]
[INFO] [loading /modules/java.base/java/lang/AssertionError.class]
[INFO] [loading /modules/java.base/java/lang/Integer.class]
[INFO] [loading C:\Users\satish\.m2\repository\org\glassfish\jersey\core\jersey-client\2.27\jersey-client-2.27.jar(/org/glassfish/jersey/client/authentication/HttpAuthenticationFeature.class)]
[INFO] [loading C:\Users\satish\.m2\repository\com\sun\jersey\jersey-client\1.19.4\jersey-client-1.19.4.jar(/com/sun/jersey/api/client/filter/HTTPBasicAuthFilter.class)]
[INFO] [loading /modules/java.base/java/util/HashSet.class]
[INFO] [loading C:\Users\satish\.m2\repository\io\appium\java-client\7.6.0\java-client-7.6.0.jar(/io/appium/java_client/windows/WindowsElement.class)]
[INFO] [loading /modules/java.base/java/lang/annotation/Annotation.class]
[INFO] [loading /modules/java.base/java/lang/reflect/Constructor.class]
[INFO] [loading /modules/java.base/java/lang/reflect/Field.class]
[INFO] [loading /modules/java.base/java/lang/reflect/InvocationHandler.class]
[INFO] [loading /modules/java.base/java/lang/reflect/InvocationTargetException.class]
[INFO] [loading /modules/java.base/java/lang/reflect/Method.class]
[INFO] [loading /modules/java.base/java/lang/reflect/Proxy.class]
[INFO] [loading /modules/java.base/java/security/AccessController.class]
[INFO] [loading /modules/java.base/java/security/PrivilegedAction.class]
[INFO] [loading /modules/java.base/java/util/LinkedHashMap.class]
[INFO] [loading /modules/java.base/java/lang/Class.class]
[INFO] [loading /modules/java.base/java/lang/InstantiationException.class]
[INFO] [loading /modules/java.base/java/lang/IllegalAccessException.class]
[INFO] [loading /modules/java.base/java/lang/IllegalArgumentException.class]
[INFO] [loading C:\Users\satish\.m2\repository\net\masterthought\cucumber-reporting\3.8.0\cucumber-reporting-3.8.0.jar(/net/masterthought/cucumber/Configuration.class)]
[INFO] [loading C:\Users\satish\.m2\repository\net\masterthought\cucumber-reporting\3.8.0\cucumber-reporting-3.8.0.jar(/net/masterthought/cucumber/ReportBuilder.class)]
[INFO] [loading C:\Users\satish\.m2\repository\net\masterthought\cucumber-reporting\3.8.0\cucumber-reporting-3.8.0.jar(/net/masterthought/cucumber/Reportable.class)]
[INFO] [loading C:\Users\satish\.m2\repository\io\cucumber\cucumber-java\4.2.0\cucumber-java-4.2.0.jar(/cucumber/api/java/After.class)]
[INFO] [loading C:\Users\satish\.m2\repository\io\cucumber\cucumber-java\4.2.0\cucumber-java-4.2.0.jar(/cucumber/api/java/Before.class)]
[INFO] [loading /modules/java.base/java/lang/Deprecated.class]
[INFO] [loading /modules/java.base/java/lang/Override.class]
[INFO] [loading /modules/java.base/java/lang/SuppressWarnings.class]
[INFO] [loading /modules/java.base/java/lang/annotation/Retention.class]
[INFO] [loading /modules/java.base/java/lang/annotation/RetentionPolicy.class]
[INFO] [loading /modules/java.base/java/lang/annotation/Target.class]
[INFO] [loading /modules/java.base/java/lang/annotation/ElementType.class]
[INFO] [loading C:\Users\satish\.m2\repository\org\seleniumhq\selenium\selenium-support\3.141.59\selenium-support-3.141.59.jar(/org/openqa/selenium/support/PageFactoryFinder.class)]
[INFO] [loading C:\Users\satish\.m2\repository\org\seleniumhq\selenium\selenium-support\3.141.59\selenium-support-3.141.59.jar(/org/openqa/selenium/support/How.class)]
[INFO] [loading /modules/java.desktop/java/beans/ConstructorProperties.class]
[INFO] [loading C:\Users\satish\.m2\repository\javax\ws\rs\javax.ws.rs-api\2.1\javax.ws.rs-api-2.1.jar(/javax/ws/rs/Produces.class)]
[INFO] [loading C:\Users\satish\.m2\repository\org\testng\testng\7.9.0\testng-7.9.0.jar(/org/testng/annotations/CustomAttribute.class)]
[INFO] 
[INFO] --- maven-resources-plugin:3.3.1:testResources (default-testResources) @ SITA_Monitoring ---
[INFO] skip non existing resourceDirectory C:\Users\satish\Documents\workspace-spring-tool-suite-4-4.19.0.RELEASE\Sita-master\src\test\resources
[INFO] 
[INFO] --- maven-compiler-plugin:3.10.1:testCompile (default-testCompile) @ SITA_Monitoring ---
[INFO] No sources to compile
[INFO] 
[INFO] --- maven-surefire-plugin:3.2.5:test (default-test) @ SITA_Monitoring ---
[INFO] No tests to run.
[INFO] Using auto detected provider org.apache.maven.surefire.testng.TestNGProvider
[INFO] Running TestSuite
=============================Execution Start====================================
=============================Execution Start====================================	 >>>>>> (InitializeExecution.java:32)	14:16:33
No features found at [classpath:com/zensar/runner]	 >>>>>> (FeatureLoader.java:35)	14:16:34
Can't generate report because cucmber json output directory not found	 >>>>>> (ConcludeExecution.java:88)	14:16:34
============================Execution Complete==============================	 >>>>>> (ConcludeExecution.java:74)	14:16:34
[QUERY] select * from RunnerProperties -- 	 >>>>>> (ExcelConnectionManager.java:113)	14:16:34

0 Scenarios	 >>>>>> (Stats.java:109)	14:16:34
0 Steps	 >>>>>> (Stats.java:110)	14:16:34
0m0.249s	 >>>>>> (Stats.java:157)	14:16:34


Can't generate report because cucmber json output directory not found	 >>>>>> (ConcludeExecution.java:88)	14:16:34
============================Execution Complete==============================	 >>>>>> (ConcludeExecution.java:74)	14:16:34
[ERROR] Tests run: 42, Failures: 28, Errors: 0, Skipped: 10, Time elapsed: 1.508 s <<< FAILURE! -- in TestSuite
[ERROR] com.zensar.runner.Debugger.setUpClass[not @42](0) -- Time elapsed: 0.020 s <<< FAILURE!
java.lang.NoClassDefFoundError: Could not initialize class com.zensar.utilities.RuntimeAnnotations
	at com.zensar.runner.Debugger.setUpClass(Debugger.java:25)
	at java.base/jdk.internal.reflect.NativeMethodAccessorImpl.invoke0(Native Method)
	at java.base/jdk.internal.reflect.NativeMethodAccessorImpl.invoke(NativeMethodAccessorImpl.java:77)
	at java.base/jdk.internal.reflect.DelegatingMethodAccessorImpl.invoke(DelegatingMethodAccessorImpl.java:43)
	at java.base/java.lang.reflect.Method.invoke(Method.java:568)
	at org.testng.internal.invokers.MethodInvocationHelper.invokeMethod(MethodInvocationHelper.java:139)
	at org.testng.internal.invokers.MethodInvocationHelper.invokeMethodConsideringTimeout(MethodInvocationHelper.java:69)
	at org.testng.internal.invokers.ConfigInvoker.invokeConfigurationMethod(ConfigInvoker.java:393)
	at org.testng.internal.invokers.ConfigInvoker.invokeConfigurations(ConfigInvoker.java:326)
	at org.testng.internal.invokers.TestMethodWorker.invokeBeforeClassMethods(TestMethodWorker.java:180)
	at org.testng.internal.invokers.TestMethodWorker.run(TestMethodWorker.java:122)
	at java.base/java.util.ArrayList.forEach(ArrayList.java:1511)
	at org.testng.TestRunner.privateRun(TestRunner.java:819)
	at org.testng.TestRunner.run(TestRunner.java:619)
	at org.testng.SuiteRunner.runTest(SuiteRunner.java:443)
	at org.testng.SuiteRunner$SuiteWorker.run(SuiteRunner.java:481)
	at org.testng.internal.thread.ThreadUtil.lambda$execute$0(ThreadUtil.java:58)
	at java.base/java.util.concurrent.FutureTask.run(FutureTask.java:264)
	at java.base/java.util.concurrent.ThreadPoolExecutor.runWorker(ThreadPoolExecutor.java:1136)
	at java.base/java.util.concurrent.ThreadPoolExecutor$Worker.run(ThreadPoolExecutor.java:635)
	at java.base/java.lang.Thread.run(Thread.java:833)

[ERROR] com.zensar.runner.TestRunner1.setUpClass[not @42](0) -- Time elapsed: 0.020 s <<< FAILURE!
java.lang.ExceptionInInitializerError
	at com.zensar.runner.TestRunner1.setUpClass(TestRunner1.java:25)
	at java.base/jdk.internal.reflect.NativeMethodAccessorImpl.invoke0(Native Method)
	at java.base/jdk.internal.reflect.NativeMethodAccessorImpl.invoke(NativeMethodAccessorImpl.java:77)
	at java.base/jdk.internal.reflect.DelegatingMethodAccessorImpl.invoke(DelegatingMethodAccessorImpl.java:43)
	at java.base/java.lang.reflect.Method.invoke(Method.java:568)
	at org.testng.internal.invokers.MethodInvocationHelper.invokeMethod(MethodInvocationHelper.java:139)
	at org.testng.internal.invokers.MethodInvocationHelper.invokeMethodConsideringTimeout(MethodInvocationHelper.java:69)
	at org.testng.internal.invokers.ConfigInvoker.invokeConfigurationMethod(ConfigInvoker.java:393)
	at org.testng.internal.invokers.ConfigInvoker.invokeConfigurations(ConfigInvoker.java:326)
	at org.testng.internal.invokers.TestMethodWorker.invokeBeforeClassMethods(TestMethodWorker.java:180)
	at org.testng.internal.invokers.TestMethodWorker.run(TestMethodWorker.java:122)
	at java.base/java.util.ArrayList.forEach(ArrayList.java:1511)
	at org.testng.TestRunner.privateRun(TestRunner.java:819)
	at org.testng.TestRunner.run(TestRunner.java:619)
	at org.testng.SuiteRunner.runTest(SuiteRunner.java:443)
	at org.testng.SuiteRunner$SuiteWorker.run(SuiteRunner.java:481)
	at org.testng.internal.thread.ThreadUtil.lambda$execute$0(ThreadUtil.java:58)
	at java.base/java.util.concurrent.FutureTask.run(FutureTask.java:264)
	at java.base/java.util.concurrent.ThreadPoolExecutor.runWorker(ThreadPoolExecutor.java:1136)
	at java.base/java.util.concurrent.ThreadPoolExecutor$Worker.run(ThreadPoolExecutor.java:635)
	at java.base/java.lang.Thread.run(Thread.java:833)
Caused by: java.lang.reflect.InaccessibleObjectException: Unable to make sun.reflect.annotation.AnnotationInvocationHandler(java.lang.Class,java.util.Map) accessible: module java.base does not "opens sun.reflect.annotation" to unnamed module @40247d48
	at java.base/java.lang.reflect.AccessibleObject.checkCanSetAccessible(AccessibleObject.java:354)
	at java.base/java.lang.reflect.AccessibleObject.checkCanSetAccessible(AccessibleObject.java:297)
	at java.base/java.lang.reflect.Constructor.checkCanSetAccessible(Constructor.java:188)
	at java.base/java.lang.reflect.Constructor.setAccessible(Constructor.java:181)
	at com.zensar.utilities.RuntimeAnnotations.<clinit>(RuntimeAnnotations.java:32)
	... 21 more

[ERROR] com.zensar.runner.Debugger.feature -- Time elapsed: 0.024 s <<< FAILURE!
java.lang.RuntimeException: java.lang.NullPointerException: Cannot invoke "cucumber.api.testng.TestNGCucumberRunner.provideScenarios()" because "this.testNGCucumberRunner" is null
	at org.testng.internal.invokers.MethodInvocationHelper.invokeMethodNoCheckedException(MethodInvocationHelper.java:57)
	at org.testng.internal.invokers.MethodInvocationHelper.invokeDataProvider(MethodInvocationHelper.java:157)
	at org.testng.internal.Parameters.handleParameters(Parameters.java:812)
	at org.testng.internal.Parameters.handleParameters(Parameters.java:737)
	at org.testng.internal.invokers.ParameterHandler.handleParameters(ParameterHandler.java:72)
	at org.testng.internal.invokers.ParameterHandler.createParameters(ParameterHandler.java:51)
	at org.testng.internal.invokers.TestInvoker$MethodInvocationAgent.invoke(TestInvoker.java:915)
	at org.testng.internal.invokers.TestInvoker.invokeTestMethods(TestInvoker.java:201)
	at org.testng.internal.invokers.TestMethodWorker.invokeTestMethods(TestMethodWorker.java:148)
	at org.testng.internal.invokers.TestMethodWorker.run(TestMethodWorker.java:128)
	at java.base/java.util.ArrayList.forEach(ArrayList.java:1511)
	at org.testng.TestRunner.privateRun(TestRunner.java:819)
	at org.testng.TestRunner.run(TestRunner.java:619)
	at org.testng.SuiteRunner.runTest(SuiteRunner.java:443)
	at org.testng.SuiteRunner$SuiteWorker.run(SuiteRunner.java:481)
	at org.testng.internal.thread.ThreadUtil.lambda$execute$0(ThreadUtil.java:58)
	at java.base/java.util.concurrent.FutureTask.run(FutureTask.java:264)
	at java.base/java.util.concurrent.ThreadPoolExecutor.runWorker(ThreadPoolExecutor.java:1136)
	at java.base/java.util.concurrent.ThreadPoolExecutor$Worker.run(ThreadPoolExecutor.java:635)
	at java.base/java.lang.Thread.run(Thread.java:833)
Caused by: java.lang.NullPointerException: Cannot invoke "cucumber.api.testng.TestNGCucumberRunner.provideScenarios()" because "this.testNGCucumberRunner" is null
	at com.zensar.runner.Debugger.scenarios(Debugger.java:67)
	at java.base/jdk.internal.reflect.NativeMethodAccessorImpl.invoke0(Native Method)
	at java.base/jdk.internal.reflect.NativeMethodAccessorImpl.invoke(NativeMethodAccessorImpl.java:77)
	at java.base/jdk.internal.reflect.DelegatingMethodAccessorImpl.invoke(DelegatingMethodAccessorImpl.java:43)
	at java.base/java.lang.reflect.Method.invoke(Method.java:568)
	at org.testng.internal.invokers.MethodInvocationHelper.invokeMethod(MethodInvocationHelper.java:139)
	at org.testng.internal.invokers.MethodInvocationHelper.invokeMethod(MethodInvocationHelper.java:84)
	at org.testng.internal.invokers.MethodInvocationHelper.invokeMethodNoCheckedException(MethodInvocationHelper.java:53)
	... 19 more

[ERROR] com.zensar.runner.Debugger.tearDownClass -- Time elapsed: 0.025 s <<< FAILURE!
java.lang.NullPointerException: Cannot invoke "cucumber.api.testng.TestNGCucumberRunner.finish()" because "this.testNGCucumberRunner" is null
	at com.zensar.runner.Debugger.tearDownClass(Debugger.java:72)
	at java.base/jdk.internal.reflect.NativeMethodAccessorImpl.invoke0(Native Method)
	at java.base/jdk.internal.reflect.NativeMethodAccessorImpl.invoke(NativeMethodAccessorImpl.java:77)
	at java.base/jdk.internal.reflect.DelegatingMethodAccessorImpl.invoke(DelegatingMethodAccessorImpl.java:43)
	at java.base/java.lang.reflect.Method.invoke(Method.java:568)
	at org.testng.internal.invokers.MethodInvocationHelper.invokeMethod(MethodInvocationHelper.java:139)
	at org.testng.internal.invokers.MethodInvocationHelper.invokeMethodConsideringTimeout(MethodInvocationHelper.java:69)
	at org.testng.internal.invokers.ConfigInvoker.invokeConfigurationMethod(ConfigInvoker.java:393)
	at org.testng.internal.invokers.ConfigInvoker.invokeConfigurations(ConfigInvoker.java:326)
	at org.testng.internal.invokers.TestMethodWorker.invokeAfterClassConfigurations(TestMethodWorker.java:229)
	at org.testng.internal.invokers.TestMethodWorker.invokeAfterClassMethods(TestMethodWorker.java:215)
	at org.testng.internal.invokers.TestMethodWorker.run(TestMethodWorker.java:131)
	at java.base/java.util.ArrayList.forEach(ArrayList.java:1511)
	at org.testng.TestRunner.privateRun(TestRunner.java:819)
	at org.testng.TestRunner.run(TestRunner.java:619)
	at org.testng.SuiteRunner.runTest(SuiteRunner.java:443)
	at org.testng.SuiteRunner$SuiteWorker.run(SuiteRunner.java:481)
	at org.testng.internal.thread.ThreadUtil.lambda$execute$0(ThreadUtil.java:58)
	at java.base/java.util.concurrent.FutureTask.run(FutureTask.java:264)
	at java.base/java.util.concurrent.ThreadPoolExecutor.runWorker(ThreadPoolExecutor.java:1136)
	at java.base/java.util.concurrent.ThreadPoolExecutor$Worker.run(ThreadPoolExecutor.java:635)
	at java.base/java.lang.Thread.run(Thread.java:833)

[ERROR] com.zensar.runner.TestRunner2.setUpClass[not @42](0) -- Time elapsed: 0.039 s <<< FAILURE!
java.lang.NoClassDefFoundError: Could not initialize class com.zensar.utilities.RuntimeAnnotations
	at com.zensar.runner.TestRunner2.setUpClass(TestRunner2.java:25)
	at java.base/jdk.internal.reflect.NativeMethodAccessorImpl.invoke0(Native Method)
	at java.base/jdk.internal.reflect.NativeMethodAccessorImpl.invoke(NativeMethodAccessorImpl.java:77)
	at java.base/jdk.internal.reflect.DelegatingMethodAccessorImpl.invoke(DelegatingMethodAccessorImpl.java:43)
	at java.base/java.lang.reflect.Method.invoke(Method.java:568)
	at org.testng.internal.invokers.MethodInvocationHelper.invokeMethod(MethodInvocationHelper.java:139)
	at org.testng.internal.invokers.MethodInvocationHelper.invokeMethodConsideringTimeout(MethodInvocationHelper.java:69)
	at org.testng.internal.invokers.ConfigInvoker.invokeConfigurationMethod(ConfigInvoker.java:393)
	at org.testng.internal.invokers.ConfigInvoker.invokeConfigurations(ConfigInvoker.java:326)
	at org.testng.internal.invokers.TestMethodWorker.invokeBeforeClassMethods(TestMethodWorker.java:180)
	at org.testng.internal.invokers.TestMethodWorker.run(TestMethodWorker.java:122)
	at java.base/java.util.ArrayList.forEach(ArrayList.java:1511)
	at org.testng.TestRunner.privateRun(TestRunner.java:819)
	at org.testng.TestRunner.run(TestRunner.java:619)
	at org.testng.SuiteRunner.runTest(SuiteRunner.java:443)
	at org.testng.SuiteRunner$SuiteWorker.run(SuiteRunner.java:481)
	at org.testng.internal.thread.ThreadUtil.lambda$execute$0(ThreadUtil.java:58)
	at java.base/java.util.concurrent.FutureTask.run(FutureTask.java:264)
	at java.base/java.util.concurrent.ThreadPoolExecutor.runWorker(ThreadPoolExecutor.java:1136)
	at java.base/java.util.concurrent.ThreadPoolExecutor$Worker.run(ThreadPoolExecutor.java:635)
	at java.base/java.lang.Thread.run(Thread.java:833)

[ERROR] com.zensar.runner.TestRunner2.feature -- Time elapsed: 0.040 s <<< FAILURE!
java.lang.RuntimeException: java.lang.NullPointerException: Cannot invoke "cucumber.api.testng.TestNGCucumberRunner.provideScenarios()" because "this.testNGCucumberRunner" is null
	at org.testng.internal.invokers.MethodInvocationHelper.invokeMethodNoCheckedException(MethodInvocationHelper.java:57)
	at org.testng.internal.invokers.MethodInvocationHelper.invokeDataProvider(MethodInvocationHelper.java:157)
	at org.testng.internal.Parameters.handleParameters(Parameters.java:812)
	at org.testng.internal.Parameters.handleParameters(Parameters.java:737)
	at org.testng.internal.invokers.ParameterHandler.handleParameters(ParameterHandler.java:72)
	at org.testng.internal.invokers.ParameterHandler.createParameters(ParameterHandler.java:51)
	at org.testng.internal.invokers.TestInvoker$MethodInvocationAgent.invoke(TestInvoker.java:915)
	at org.testng.internal.invokers.TestInvoker.invokeTestMethods(TestInvoker.java:201)
	at org.testng.internal.invokers.TestMethodWorker.invokeTestMethods(TestMethodWorker.java:148)
	at org.testng.internal.invokers.TestMethodWorker.run(TestMethodWorker.java:128)
	at java.base/java.util.ArrayList.forEach(ArrayList.java:1511)
	at org.testng.TestRunner.privateRun(TestRunner.java:819)
	at org.testng.TestRunner.run(TestRunner.java:619)
	at org.testng.SuiteRunner.runTest(SuiteRunner.java:443)
	at org.testng.SuiteRunner$SuiteWorker.run(SuiteRunner.java:481)
	at org.testng.internal.thread.ThreadUtil.lambda$execute$0(ThreadUtil.java:58)
	at java.base/java.util.concurrent.FutureTask.run(FutureTask.java:264)
	at java.base/java.util.concurrent.ThreadPoolExecutor.runWorker(ThreadPoolExecutor.java:1136)
	at java.base/java.util.concurrent.ThreadPoolExecutor$Worker.run(ThreadPoolExecutor.java:635)
	at java.base/java.lang.Thread.run(Thread.java:833)
Caused by: java.lang.NullPointerException: Cannot invoke "cucumber.api.testng.TestNGCucumberRunner.provideScenarios()" because "this.testNGCucumberRunner" is null
	at com.zensar.runner.TestRunner2.scenarios(TestRunner2.java:67)
	at java.base/jdk.internal.reflect.NativeMethodAccessorImpl.invoke0(Native Method)
	at java.base/jdk.internal.reflect.NativeMethodAccessorImpl.invoke(NativeMethodAccessorImpl.java:77)
	at java.base/jdk.internal.reflect.DelegatingMethodAccessorImpl.invoke(DelegatingMethodAccessorImpl.java:43)
	at java.base/java.lang.reflect.Method.invoke(Method.java:568)
	at org.testng.internal.invokers.MethodInvocationHelper.invokeMethod(MethodInvocationHelper.java:139)
	at org.testng.internal.invokers.MethodInvocationHelper.invokeMethod(MethodInvocationHelper.java:84)
	at org.testng.internal.invokers.MethodInvocationHelper.invokeMethodNoCheckedException(MethodInvocationHelper.java:53)
	... 19 more

[ERROR] com.zensar.runner.TestRunner2.tearDownClass -- Time elapsed: 0.040 s <<< FAILURE!
java.lang.NullPointerException: Cannot invoke "cucumber.api.testng.TestNGCucumberRunner.finish()" because "this.testNGCucumberRunner" is null
	at com.zensar.runner.TestRunner2.tearDownClass(TestRunner2.java:72)
	at java.base/jdk.internal.reflect.NativeMethodAccessorImpl.invoke0(Native Method)
	at java.base/jdk.internal.reflect.NativeMethodAccessorImpl.invoke(NativeMethodAccessorImpl.java:77)
	at java.base/jdk.internal.reflect.DelegatingMethodAccessorImpl.invoke(DelegatingMethodAccessorImpl.java:43)
	at java.base/java.lang.reflect.Method.invoke(Method.java:568)
	at org.testng.internal.invokers.MethodInvocationHelper.invokeMethod(MethodInvocationHelper.java:139)
	at org.testng.internal.invokers.MethodInvocationHelper.invokeMethodConsideringTimeout(MethodInvocationHelper.java:69)
	at org.testng.internal.invokers.ConfigInvoker.invokeConfigurationMethod(ConfigInvoker.java:393)
	at org.testng.internal.invokers.ConfigInvoker.invokeConfigurations(ConfigInvoker.java:326)
	at org.testng.internal.invokers.TestMethodWorker.invokeAfterClassConfigurations(TestMethodWorker.java:229)
	at org.testng.internal.invokers.TestMethodWorker.invokeAfterClassMethods(TestMethodWorker.java:215)
	at org.testng.internal.invokers.TestMethodWorker.run(TestMethodWorker.java:131)
	at java.base/java.util.ArrayList.forEach(ArrayList.java:1511)
	at org.testng.TestRunner.privateRun(TestRunner.java:819)
	at org.testng.TestRunner.run(TestRunner.java:619)
	at org.testng.SuiteRunner.runTest(SuiteRunner.java:443)
	at org.testng.SuiteRunner$SuiteWorker.run(SuiteRunner.java:481)
	at org.testng.internal.thread.ThreadUtil.lambda$execute$0(ThreadUtil.java:58)
	at java.base/java.util.concurrent.FutureTask.run(FutureTask.java:264)
	at java.base/java.util.concurrent.ThreadPoolExecutor.runWorker(ThreadPoolExecutor.java:1136)
	at java.base/java.util.concurrent.ThreadPoolExecutor$Worker.run(ThreadPoolExecutor.java:635)
	at java.base/java.lang.Thread.run(Thread.java:833)

[ERROR] com.zensar.runner.TestRunner3.setUpClass[not @42](0) -- Time elapsed: 0.052 s <<< FAILURE!
java.lang.NoClassDefFoundError: Could not initialize class com.zensar.utilities.RuntimeAnnotations
	at com.zensar.runner.TestRunner3.setUpClass(TestRunner3.java:25)
	at java.base/jdk.internal.reflect.NativeMethodAccessorImpl.invoke0(Native Method)
	at java.base/jdk.internal.reflect.NativeMethodAccessorImpl.invoke(NativeMethodAccessorImpl.java:77)
	at java.base/jdk.internal.reflect.DelegatingMethodAccessorImpl.invoke(DelegatingMethodAccessorImpl.java:43)
	at java.base/java.lang.reflect.Method.invoke(Method.java:568)
	at org.testng.internal.invokers.MethodInvocationHelper.invokeMethod(MethodInvocationHelper.java:139)
	at org.testng.internal.invokers.MethodInvocationHelper.invokeMethodConsideringTimeout(MethodInvocationHelper.java:69)
	at org.testng.internal.invokers.ConfigInvoker.invokeConfigurationMethod(ConfigInvoker.java:393)
	at org.testng.internal.invokers.ConfigInvoker.invokeConfigurations(ConfigInvoker.java:326)
	at org.testng.internal.invokers.TestMethodWorker.invokeBeforeClassMethods(TestMethodWorker.java:180)
	at org.testng.internal.invokers.TestMethodWorker.run(TestMethodWorker.java:122)
	at java.base/java.util.ArrayList.forEach(ArrayList.java:1511)
	at org.testng.TestRunner.privateRun(TestRunner.java:819)
	at org.testng.TestRunner.run(TestRunner.java:619)
	at org.testng.SuiteRunner.runTest(SuiteRunner.java:443)
	at org.testng.SuiteRunner$SuiteWorker.run(SuiteRunner.java:481)
	at org.testng.internal.thread.ThreadUtil.lambda$execute$0(ThreadUtil.java:58)
	at java.base/java.util.concurrent.FutureTask.run(FutureTask.java:264)
	at java.base/java.util.concurrent.ThreadPoolExecutor.runWorker(ThreadPoolExecutor.java:1136)
	at java.base/java.util.concurrent.ThreadPoolExecutor$Worker.run(ThreadPoolExecutor.java:635)
	at java.base/java.lang.Thread.run(Thread.java:833)

[ERROR] com.zensar.runner.TestRunner3.feature -- Time elapsed: 0.053 s <<< FAILURE!
java.lang.RuntimeException: java.lang.NullPointerException: Cannot invoke "cucumber.api.testng.TestNGCucumberRunner.provideScenarios()" because "this.testNGCucumberRunner" is null
	at org.testng.internal.invokers.MethodInvocationHelper.invokeMethodNoCheckedException(MethodInvocationHelper.java:57)
	at org.testng.internal.invokers.MethodInvocationHelper.invokeDataProvider(MethodInvocationHelper.java:157)
	at org.testng.internal.Parameters.handleParameters(Parameters.java:812)
	at org.testng.internal.Parameters.handleParameters(Parameters.java:737)
	at org.testng.internal.invokers.ParameterHandler.handleParameters(ParameterHandler.java:72)
	at org.testng.internal.invokers.ParameterHandler.createParameters(ParameterHandler.java:51)
	at org.testng.internal.invokers.TestInvoker$MethodInvocationAgent.invoke(TestInvoker.java:915)
	at org.testng.internal.invokers.TestInvoker.invokeTestMethods(TestInvoker.java:201)
	at org.testng.internal.invokers.TestMethodWorker.invokeTestMethods(TestMethodWorker.java:148)
	at org.testng.internal.invokers.TestMethodWorker.run(TestMethodWorker.java:128)
	at java.base/java.util.ArrayList.forEach(ArrayList.java:1511)
	at org.testng.TestRunner.privateRun(TestRunner.java:819)
	at org.testng.TestRunner.run(TestRunner.java:619)
	at org.testng.SuiteRunner.runTest(SuiteRunner.java:443)
	at org.testng.SuiteRunner$SuiteWorker.run(SuiteRunner.java:481)
	at org.testng.internal.thread.ThreadUtil.lambda$execute$0(ThreadUtil.java:58)
	at java.base/java.util.concurrent.FutureTask.run(FutureTask.java:264)
	at java.base/java.util.concurrent.ThreadPoolExecutor.runWorker(ThreadPoolExecutor.java:1136)
	at java.base/java.util.concurrent.ThreadPoolExecutor$Worker.run(ThreadPoolExecutor.java:635)
	at java.base/java.lang.Thread.run(Thread.java:833)
Caused by: java.lang.NullPointerException: Cannot invoke "cucumber.api.testng.TestNGCucumberRunner.provideScenarios()" because "this.testNGCucumberRunner" is null
	at com.zensar.runner.TestRunner3.scenarios(TestRunner3.java:67)
	at java.base/jdk.internal.reflect.NativeMethodAccessorImpl.invoke0(Native Method)
	at java.base/jdk.internal.reflect.NativeMethodAccessorImpl.invoke(NativeMethodAccessorImpl.java:77)
	at java.base/jdk.internal.reflect.DelegatingMethodAccessorImpl.invoke(DelegatingMethodAccessorImpl.java:43)
	at java.base/java.lang.reflect.Method.invoke(Method.java:568)
	at org.testng.internal.invokers.MethodInvocationHelper.invokeMethod(MethodInvocationHelper.java:139)
	at org.testng.internal.invokers.MethodInvocationHelper.invokeMethod(MethodInvocationHelper.java:84)
	at org.testng.internal.invokers.MethodInvocationHelper.invokeMethodNoCheckedException(MethodInvocationHelper.java:53)
	... 19 more

[ERROR] com.zensar.runner.TestRunner3.tearDownClass -- Time elapsed: 0.054 s <<< FAILURE!
java.lang.NullPointerException: Cannot invoke "cucumber.api.testng.TestNGCucumberRunner.finish()" because "this.testNGCucumberRunner" is null
	at com.zensar.runner.TestRunner3.tearDownClass(TestRunner3.java:72)
	at java.base/jdk.internal.reflect.NativeMethodAccessorImpl.invoke0(Native Method)
	at java.base/jdk.internal.reflect.NativeMethodAccessorImpl.invoke(NativeMethodAccessorImpl.java:77)
	at java.base/jdk.internal.reflect.DelegatingMethodAccessorImpl.invoke(DelegatingMethodAccessorImpl.java:43)
	at java.base/java.lang.reflect.Method.invoke(Method.java:568)
	at org.testng.internal.invokers.MethodInvocationHelper.invokeMethod(MethodInvocationHelper.java:139)
	at org.testng.internal.invokers.MethodInvocationHelper.invokeMethodConsideringTimeout(MethodInvocationHelper.java:69)
	at org.testng.internal.invokers.ConfigInvoker.invokeConfigurationMethod(ConfigInvoker.java:393)
	at org.testng.internal.invokers.ConfigInvoker.invokeConfigurations(ConfigInvoker.java:326)
	at org.testng.internal.invokers.TestMethodWorker.invokeAfterClassConfigurations(TestMethodWorker.java:229)
	at org.testng.internal.invokers.TestMethodWorker.invokeAfterClassMethods(TestMethodWorker.java:215)
	at org.testng.internal.invokers.TestMethodWorker.run(TestMethodWorker.java:131)
	at java.base/java.util.ArrayList.forEach(ArrayList.java:1511)
	at org.testng.TestRunner.privateRun(TestRunner.java:819)
	at org.testng.TestRunner.run(TestRunner.java:619)
	at org.testng.SuiteRunner.runTest(SuiteRunner.java:443)
	at org.testng.SuiteRunner$SuiteWorker.run(SuiteRunner.java:481)
	at org.testng.internal.thread.ThreadUtil.lambda$execute$0(ThreadUtil.java:58)
	at java.base/java.util.concurrent.FutureTask.run(FutureTask.java:264)
	at java.base/java.util.concurrent.ThreadPoolExecutor.runWorker(ThreadPoolExecutor.java:1136)
	at java.base/java.util.concurrent.ThreadPoolExecutor$Worker.run(ThreadPoolExecutor.java:635)
	at java.base/java.lang.Thread.run(Thread.java:833)

[ERROR] com.zensar.runner.ASCertificationPage.setUpClass[not @42](0) -- Time elapsed: 0.066 s <<< FAILURE!
java.lang.NoClassDefFoundError: Could not initialize class com.zensar.utilities.RuntimeAnnotations
	at com.zensar.runner.ASCertificationPage.setUpClass(ASCertificationPage.java:25)
	at java.base/jdk.internal.reflect.NativeMethodAccessorImpl.invoke0(Native Method)
	at java.base/jdk.internal.reflect.NativeMethodAccessorImpl.invoke(NativeMethodAccessorImpl.java:77)
	at java.base/jdk.internal.reflect.DelegatingMethodAccessorImpl.invoke(DelegatingMethodAccessorImpl.java:43)
	at java.base/java.lang.reflect.Method.invoke(Method.java:568)
	at org.testng.internal.invokers.MethodInvocationHelper.invokeMethod(MethodInvocationHelper.java:139)
	at org.testng.internal.invokers.MethodInvocationHelper.invokeMethodConsideringTimeout(MethodInvocationHelper.java:69)
	at org.testng.internal.invokers.ConfigInvoker.invokeConfigurationMethod(ConfigInvoker.java:393)
	at org.testng.internal.invokers.ConfigInvoker.invokeConfigurations(ConfigInvoker.java:326)
	at org.testng.internal.invokers.TestMethodWorker.invokeBeforeClassMethods(TestMethodWorker.java:180)
	at org.testng.internal.invokers.TestMethodWorker.run(TestMethodWorker.java:122)
	at java.base/java.util.ArrayList.forEach(ArrayList.java:1511)
	at org.testng.TestRunner.privateRun(TestRunner.java:819)
	at org.testng.TestRunner.run(TestRunner.java:619)
	at org.testng.SuiteRunner.runTest(SuiteRunner.java:443)
	at org.testng.SuiteRunner$SuiteWorker.run(SuiteRunner.java:481)
	at org.testng.internal.thread.ThreadUtil.lambda$execute$0(ThreadUtil.java:58)
	at java.base/java.util.concurrent.FutureTask.run(FutureTask.java:264)
	at java.base/java.util.concurrent.ThreadPoolExecutor.runWorker(ThreadPoolExecutor.java:1136)
	at java.base/java.util.concurrent.ThreadPoolExecutor$Worker.run(ThreadPoolExecutor.java:635)
	at java.base/java.lang.Thread.run(Thread.java:833)

[ERROR] com.zensar.runner.ASCertificationPage.feature -- Time elapsed: 0.067 s <<< FAILURE!
java.lang.RuntimeException: java.lang.NullPointerException: Cannot invoke "cucumber.api.testng.TestNGCucumberRunner.provideScenarios()" because "this.testNGCucumberRunner" is null
	at org.testng.internal.invokers.MethodInvocationHelper.invokeMethodNoCheckedException(MethodInvocationHelper.java:57)
	at org.testng.internal.invokers.MethodInvocationHelper.invokeDataProvider(MethodInvocationHelper.java:157)
	at org.testng.internal.Parameters.handleParameters(Parameters.java:812)
	at org.testng.internal.Parameters.handleParameters(Parameters.java:737)
	at org.testng.internal.invokers.ParameterHandler.handleParameters(ParameterHandler.java:72)
	at org.testng.internal.invokers.ParameterHandler.createParameters(ParameterHandler.java:51)
	at org.testng.internal.invokers.TestInvoker$MethodInvocationAgent.invoke(TestInvoker.java:915)
	at org.testng.internal.invokers.TestInvoker.invokeTestMethods(TestInvoker.java:201)
	at org.testng.internal.invokers.TestMethodWorker.invokeTestMethods(TestMethodWorker.java:148)
	at org.testng.internal.invokers.TestMethodWorker.run(TestMethodWorker.java:128)
	at java.base/java.util.ArrayList.forEach(ArrayList.java:1511)
	at org.testng.TestRunner.privateRun(TestRunner.java:819)
	at org.testng.TestRunner.run(TestRunner.java:619)
	at org.testng.SuiteRunner.runTest(SuiteRunner.java:443)
	at org.testng.SuiteRunner$SuiteWorker.run(SuiteRunner.java:481)
	at org.testng.internal.thread.ThreadUtil.lambda$execute$0(ThreadUtil.java:58)
	at java.base/java.util.concurrent.FutureTask.run(FutureTask.java:264)
	at java.base/java.util.concurrent.ThreadPoolExecutor.runWorker(ThreadPoolExecutor.java:1136)
	at java.base/java.util.concurrent.ThreadPoolExecutor$Worker.run(ThreadPoolExecutor.java:635)
	at java.base/java.lang.Thread.run(Thread.java:833)
Caused by: java.lang.NullPointerException: Cannot invoke "cucumber.api.testng.TestNGCucumberRunner.provideScenarios()" because "this.testNGCucumberRunner" is null
	at com.zensar.runner.ASCertificationPage.scenarios(ASCertificationPage.java:67)
	at java.base/jdk.internal.reflect.NativeMethodAccessorImpl.invoke0(Native Method)
	at java.base/jdk.internal.reflect.NativeMethodAccessorImpl.invoke(NativeMethodAccessorImpl.java:77)
	at java.base/jdk.internal.reflect.DelegatingMethodAccessorImpl.invoke(DelegatingMethodAccessorImpl.java:43)
	at java.base/java.lang.reflect.Method.invoke(Method.java:568)
	at org.testng.internal.invokers.MethodInvocationHelper.invokeMethod(MethodInvocationHelper.java:139)
	at org.testng.internal.invokers.MethodInvocationHelper.invokeMethod(MethodInvocationHelper.java:84)
	at org.testng.internal.invokers.MethodInvocationHelper.invokeMethodNoCheckedException(MethodInvocationHelper.java:53)
	... 19 more

[ERROR] com.zensar.runner.ASCertificationPage.tearDownClass -- Time elapsed: 0.067 s <<< FAILURE!
java.lang.NullPointerException: Cannot invoke "cucumber.api.testng.TestNGCucumberRunner.finish()" because "this.testNGCucumberRunner" is null
	at com.zensar.runner.ASCertificationPage.tearDownClass(ASCertificationPage.java:72)
	at java.base/jdk.internal.reflect.NativeMethodAccessorImpl.invoke0(Native Method)
	at java.base/jdk.internal.reflect.NativeMethodAccessorImpl.invoke(NativeMethodAccessorImpl.java:77)
	at java.base/jdk.internal.reflect.DelegatingMethodAccessorImpl.invoke(DelegatingMethodAccessorImpl.java:43)
	at java.base/java.lang.reflect.Method.invoke(Method.java:568)
	at org.testng.internal.invokers.MethodInvocationHelper.invokeMethod(MethodInvocationHelper.java:139)
	at org.testng.internal.invokers.MethodInvocationHelper.invokeMethodConsideringTimeout(MethodInvocationHelper.java:69)
	at org.testng.internal.invokers.ConfigInvoker.invokeConfigurationMethod(ConfigInvoker.java:393)
	at org.testng.internal.invokers.ConfigInvoker.invokeConfigurations(ConfigInvoker.java:326)
	at org.testng.internal.invokers.TestMethodWorker.invokeAfterClassConfigurations(TestMethodWorker.java:229)
	at org.testng.internal.invokers.TestMethodWorker.invokeAfterClassMethods(TestMethodWorker.java:215)
	at org.testng.internal.invokers.TestMethodWorker.run(TestMethodWorker.java:131)
	at java.base/java.util.ArrayList.forEach(ArrayList.java:1511)
	at org.testng.TestRunner.privateRun(TestRunner.java:819)
	at org.testng.TestRunner.run(TestRunner.java:619)
	at org.testng.SuiteRunner.runTest(SuiteRunner.java:443)
	at org.testng.SuiteRunner$SuiteWorker.run(SuiteRunner.java:481)
	at org.testng.internal.thread.ThreadUtil.lambda$execute$0(ThreadUtil.java:58)
	at java.base/java.util.concurrent.FutureTask.run(FutureTask.java:264)
	at java.base/java.util.concurrent.ThreadPoolExecutor.runWorker(ThreadPoolExecutor.java:1136)
	at java.base/java.util.concurrent.ThreadPoolExecutor$Worker.run(ThreadPoolExecutor.java:635)
	at java.base/java.lang.Thread.run(Thread.java:833)

[ERROR] com.zensar.runner.ASLandingPage.setUpClass[not @42](0) -- Time elapsed: 0.077 s <<< FAILURE!
java.lang.NoClassDefFoundError: Could not initialize class com.zensar.utilities.RuntimeAnnotations
	at com.zensar.runner.ASLandingPage.setUpClass(ASLandingPage.java:25)
	at java.base/jdk.internal.reflect.NativeMethodAccessorImpl.invoke0(Native Method)
	at java.base/jdk.internal.reflect.NativeMethodAccessorImpl.invoke(NativeMethodAccessorImpl.java:77)
	at java.base/jdk.internal.reflect.DelegatingMethodAccessorImpl.invoke(DelegatingMethodAccessorImpl.java:43)
	at java.base/java.lang.reflect.Method.invoke(Method.java:568)
	at org.testng.internal.invokers.MethodInvocationHelper.invokeMethod(MethodInvocationHelper.java:139)
	at org.testng.internal.invokers.MethodInvocationHelper.invokeMethodConsideringTimeout(MethodInvocationHelper.java:69)
	at org.testng.internal.invokers.ConfigInvoker.invokeConfigurationMethod(ConfigInvoker.java:393)
	at org.testng.internal.invokers.ConfigInvoker.invokeConfigurations(ConfigInvoker.java:326)
	at org.testng.internal.invokers.TestMethodWorker.invokeBeforeClassMethods(TestMethodWorker.java:180)
	at org.testng.internal.invokers.TestMethodWorker.run(TestMethodWorker.java:122)
	at java.base/java.util.ArrayList.forEach(ArrayList.java:1511)
	at org.testng.TestRunner.privateRun(TestRunner.java:819)
	at org.testng.TestRunner.run(TestRunner.java:619)
	at org.testng.SuiteRunner.runTest(SuiteRunner.java:443)
	at org.testng.SuiteRunner$SuiteWorker.run(SuiteRunner.java:481)
	at org.testng.internal.thread.ThreadUtil.lambda$execute$0(ThreadUtil.java:58)
	at java.base/java.util.concurrent.FutureTask.run(FutureTask.java:264)
	at java.base/java.util.concurrent.ThreadPoolExecutor.runWorker(ThreadPoolExecutor.java:1136)
	at java.base/java.util.concurrent.ThreadPoolExecutor$Worker.run(ThreadPoolExecutor.java:635)
	at java.base/java.lang.Thread.run(Thread.java:833)

[ERROR] com.zensar.runner.ASLandingPage.feature -- Time elapsed: 0.077 s <<< FAILURE!
java.lang.RuntimeException: java.lang.NullPointerException: Cannot invoke "cucumber.api.testng.TestNGCucumberRunner.provideScenarios()" because "this.testNGCucumberRunner" is null
	at org.testng.internal.invokers.MethodInvocationHelper.invokeMethodNoCheckedException(MethodInvocationHelper.java:57)
	at org.testng.internal.invokers.MethodInvocationHelper.invokeDataProvider(MethodInvocationHelper.java:157)
	at org.testng.internal.Parameters.handleParameters(Parameters.java:812)
	at org.testng.internal.Parameters.handleParameters(Parameters.java:737)
	at org.testng.internal.invokers.ParameterHandler.handleParameters(ParameterHandler.java:72)
	at org.testng.internal.invokers.ParameterHandler.createParameters(ParameterHandler.java:51)
	at org.testng.internal.invokers.TestInvoker$MethodInvocationAgent.invoke(TestInvoker.java:915)
	at org.testng.internal.invokers.TestInvoker.invokeTestMethods(TestInvoker.java:201)
	at org.testng.internal.invokers.TestMethodWorker.invokeTestMethods(TestMethodWorker.java:148)
	at org.testng.internal.invokers.TestMethodWorker.run(TestMethodWorker.java:128)
	at java.base/java.util.ArrayList.forEach(ArrayList.java:1511)
	at org.testng.TestRunner.privateRun(TestRunner.java:819)
	at org.testng.TestRunner.run(TestRunner.java:619)
	at org.testng.SuiteRunner.runTest(SuiteRunner.java:443)
	at org.testng.SuiteRunner$SuiteWorker.run(SuiteRunner.java:481)
	at org.testng.internal.thread.ThreadUtil.lambda$execute$0(ThreadUtil.java:58)
	at java.base/java.util.concurrent.FutureTask.run(FutureTask.java:264)
	at java.base/java.util.concurrent.ThreadPoolExecutor.runWorker(ThreadPoolExecutor.java:1136)
	at java.base/java.util.concurrent.ThreadPoolExecutor$Worker.run(ThreadPoolExecutor.java:635)
	at java.base/java.lang.Thread.run(Thread.java:833)
Caused by: java.lang.NullPointerException: Cannot invoke "cucumber.api.testng.TestNGCucumberRunner.provideScenarios()" because "this.testNGCucumberRunner" is null
	at com.zensar.runner.ASLandingPage.scenarios(ASLandingPage.java:67)
	at java.base/jdk.internal.reflect.NativeMethodAccessorImpl.invoke0(Native Method)
	at java.base/jdk.internal.reflect.NativeMethodAccessorImpl.invoke(NativeMethodAccessorImpl.java:77)
	at java.base/jdk.internal.reflect.DelegatingMethodAccessorImpl.invoke(DelegatingMethodAccessorImpl.java:43)
	at java.base/java.lang.reflect.Method.invoke(Method.java:568)
	at org.testng.internal.invokers.MethodInvocationHelper.invokeMethod(MethodInvocationHelper.java:139)
	at org.testng.internal.invokers.MethodInvocationHelper.invokeMethod(MethodInvocationHelper.java:84)
	at org.testng.internal.invokers.MethodInvocationHelper.invokeMethodNoCheckedException(MethodInvocationHelper.java:53)
	... 19 more

[ERROR] com.zensar.runner.ASLandingPage.tearDownClass -- Time elapsed: 0.078 s <<< FAILURE!
java.lang.NullPointerException: Cannot invoke "cucumber.api.testng.TestNGCucumberRunner.finish()" because "this.testNGCucumberRunner" is null
	at com.zensar.runner.ASLandingPage.tearDownClass(ASLandingPage.java:72)
	at java.base/jdk.internal.reflect.NativeMethodAccessorImpl.invoke0(Native Method)
	at java.base/jdk.internal.reflect.NativeMethodAccessorImpl.invoke(NativeMethodAccessorImpl.java:77)
	at java.base/jdk.internal.reflect.DelegatingMethodAccessorImpl.invoke(DelegatingMethodAccessorImpl.java:43)
	at java.base/java.lang.reflect.Method.invoke(Method.java:568)
	at org.testng.internal.invokers.MethodInvocationHelper.invokeMethod(MethodInvocationHelper.java:139)
	at org.testng.internal.invokers.MethodInvocationHelper.invokeMethodConsideringTimeout(MethodInvocationHelper.java:69)
	at org.testng.internal.invokers.ConfigInvoker.invokeConfigurationMethod(ConfigInvoker.java:393)
	at org.testng.internal.invokers.ConfigInvoker.invokeConfigurations(ConfigInvoker.java:326)
	at org.testng.internal.invokers.TestMethodWorker.invokeAfterClassConfigurations(TestMethodWorker.java:229)
	at org.testng.internal.invokers.TestMethodWorker.invokeAfterClassMethods(TestMethodWorker.java:215)
	at org.testng.internal.invokers.TestMethodWorker.run(TestMethodWorker.java:131)
	at java.base/java.util.ArrayList.forEach(ArrayList.java:1511)
	at org.testng.TestRunner.privateRun(TestRunner.java:819)
	at org.testng.TestRunner.run(TestRunner.java:619)
	at org.testng.SuiteRunner.runTest(SuiteRunner.java:443)
	at org.testng.SuiteRunner$SuiteWorker.run(SuiteRunner.java:481)
	at org.testng.internal.thread.ThreadUtil.lambda$execute$0(ThreadUtil.java:58)
	at java.base/java.util.concurrent.FutureTask.run(FutureTask.java:264)
	at java.base/java.util.concurrent.ThreadPoolExecutor.runWorker(ThreadPoolExecutor.java:1136)
	at java.base/java.util.concurrent.ThreadPoolExecutor$Worker.run(ThreadPoolExecutor.java:635)
	at java.base/java.lang.Thread.run(Thread.java:833)

[ERROR] com.zensar.runner.ASSiteListPage.setUpClass[not @42](0) -- Time elapsed: 0.089 s <<< FAILURE!
java.lang.NoClassDefFoundError: Could not initialize class com.zensar.utilities.RuntimeAnnotations
	at com.zensar.runner.ASSiteListPage.setUpClass(ASSiteListPage.java:25)
	at java.base/jdk.internal.reflect.NativeMethodAccessorImpl.invoke0(Native Method)
	at java.base/jdk.internal.reflect.NativeMethodAccessorImpl.invoke(NativeMethodAccessorImpl.java:77)
	at java.base/jdk.internal.reflect.DelegatingMethodAccessorImpl.invoke(DelegatingMethodAccessorImpl.java:43)
	at java.base/java.lang.reflect.Method.invoke(Method.java:568)
	at org.testng.internal.invokers.MethodInvocationHelper.invokeMethod(MethodInvocationHelper.java:139)
	at org.testng.internal.invokers.MethodInvocationHelper.invokeMethodConsideringTimeout(MethodInvocationHelper.java:69)
	at org.testng.internal.invokers.ConfigInvoker.invokeConfigurationMethod(ConfigInvoker.java:393)
	at org.testng.internal.invokers.ConfigInvoker.invokeConfigurations(ConfigInvoker.java:326)
	at org.testng.internal.invokers.TestMethodWorker.invokeBeforeClassMethods(TestMethodWorker.java:180)
	at org.testng.internal.invokers.TestMethodWorker.run(TestMethodWorker.java:122)
	at java.base/java.util.ArrayList.forEach(ArrayList.java:1511)
	at org.testng.TestRunner.privateRun(TestRunner.java:819)
	at org.testng.TestRunner.run(TestRunner.java:619)
	at org.testng.SuiteRunner.runTest(SuiteRunner.java:443)
	at org.testng.SuiteRunner$SuiteWorker.run(SuiteRunner.java:481)
	at org.testng.internal.thread.ThreadUtil.lambda$execute$0(ThreadUtil.java:58)
	at java.base/java.util.concurrent.FutureTask.run(FutureTask.java:264)
	at java.base/java.util.concurrent.ThreadPoolExecutor.runWorker(ThreadPoolExecutor.java:1136)
	at java.base/java.util.concurrent.ThreadPoolExecutor$Worker.run(ThreadPoolExecutor.java:635)
	at java.base/java.lang.Thread.run(Thread.java:833)

[ERROR] com.zensar.runner.ASSiteListPage.feature -- Time elapsed: 0.089 s <<< FAILURE!
java.lang.RuntimeException: java.lang.NullPointerException: Cannot invoke "cucumber.api.testng.TestNGCucumberRunner.provideScenarios()" because "this.testNGCucumberRunner" is null
	at org.testng.internal.invokers.MethodInvocationHelper.invokeMethodNoCheckedException(MethodInvocationHelper.java:57)
	at org.testng.internal.invokers.MethodInvocationHelper.invokeDataProvider(MethodInvocationHelper.java:157)
	at org.testng.internal.Parameters.handleParameters(Parameters.java:812)
	at org.testng.internal.Parameters.handleParameters(Parameters.java:737)
	at org.testng.internal.invokers.ParameterHandler.handleParameters(ParameterHandler.java:72)
	at org.testng.internal.invokers.ParameterHandler.createParameters(ParameterHandler.java:51)
	at org.testng.internal.invokers.TestInvoker$MethodInvocationAgent.invoke(TestInvoker.java:915)
	at org.testng.internal.invokers.TestInvoker.invokeTestMethods(TestInvoker.java:201)
	at org.testng.internal.invokers.TestMethodWorker.invokeTestMethods(TestMethodWorker.java:148)
	at org.testng.internal.invokers.TestMethodWorker.run(TestMethodWorker.java:128)
	at java.base/java.util.ArrayList.forEach(ArrayList.java:1511)
	at org.testng.TestRunner.privateRun(TestRunner.java:819)
	at org.testng.TestRunner.run(TestRunner.java:619)
	at org.testng.SuiteRunner.runTest(SuiteRunner.java:443)
	at org.testng.SuiteRunner$SuiteWorker.run(SuiteRunner.java:481)
	at org.testng.internal.thread.ThreadUtil.lambda$execute$0(ThreadUtil.java:58)
	at java.base/java.util.concurrent.FutureTask.run(FutureTask.java:264)
	at java.base/java.util.concurrent.ThreadPoolExecutor.runWorker(ThreadPoolExecutor.java:1136)
	at java.base/java.util.concurrent.ThreadPoolExecutor$Worker.run(ThreadPoolExecutor.java:635)
	at java.base/java.lang.Thread.run(Thread.java:833)
Caused by: java.lang.NullPointerException: Cannot invoke "cucumber.api.testng.TestNGCucumberRunner.provideScenarios()" because "this.testNGCucumberRunner" is null
	at com.zensar.runner.ASSiteListPage.scenarios(ASSiteListPage.java:67)
	at java.base/jdk.internal.reflect.NativeMethodAccessorImpl.invoke0(Native Method)
	at java.base/jdk.internal.reflect.NativeMethodAccessorImpl.invoke(NativeMethodAccessorImpl.java:77)
	at java.base/jdk.internal.reflect.DelegatingMethodAccessorImpl.invoke(DelegatingMethodAccessorImpl.java:43)
	at java.base/java.lang.reflect.Method.invoke(Method.java:568)
	at org.testng.internal.invokers.MethodInvocationHelper.invokeMethod(MethodInvocationHelper.java:139)
	at org.testng.internal.invokers.MethodInvocationHelper.invokeMethod(MethodInvocationHelper.java:84)
	at org.testng.internal.invokers.MethodInvocationHelper.invokeMethodNoCheckedException(MethodInvocationHelper.java:53)
	... 19 more

[ERROR] com.zensar.runner.ASSiteListPage.tearDownClass -- Time elapsed: 0.089 s <<< FAILURE!
java.lang.NullPointerException: Cannot invoke "cucumber.api.testng.TestNGCucumberRunner.finish()" because "this.testNGCucumberRunner" is null
	at com.zensar.runner.ASSiteListPage.tearDownClass(ASSiteListPage.java:72)
	at java.base/jdk.internal.reflect.NativeMethodAccessorImpl.invoke0(Native Method)
	at java.base/jdk.internal.reflect.NativeMethodAccessorImpl.invoke(NativeMethodAccessorImpl.java:77)
	at java.base/jdk.internal.reflect.DelegatingMethodAccessorImpl.invoke(DelegatingMethodAccessorImpl.java:43)
	at java.base/java.lang.reflect.Method.invoke(Method.java:568)
	at org.testng.internal.invokers.MethodInvocationHelper.invokeMethod(MethodInvocationHelper.java:139)
	at org.testng.internal.invokers.MethodInvocationHelper.invokeMethodConsideringTimeout(MethodInvocationHelper.java:69)
	at org.testng.internal.invokers.ConfigInvoker.invokeConfigurationMethod(ConfigInvoker.java:393)
	at org.testng.internal.invokers.ConfigInvoker.invokeConfigurations(ConfigInvoker.java:326)
	at org.testng.internal.invokers.TestMethodWorker.invokeAfterClassConfigurations(TestMethodWorker.java:229)
	at org.testng.internal.invokers.TestMethodWorker.invokeAfterClassMethods(TestMethodWorker.java:215)
	at org.testng.internal.invokers.TestMethodWorker.run(TestMethodWorker.java:131)
	at java.base/java.util.ArrayList.forEach(ArrayList.java:1511)
	at org.testng.TestRunner.privateRun(TestRunner.java:819)
	at org.testng.TestRunner.run(TestRunner.java:619)
	at org.testng.SuiteRunner.runTest(SuiteRunner.java:443)
	at org.testng.SuiteRunner$SuiteWorker.run(SuiteRunner.java:481)
	at org.testng.internal.thread.ThreadUtil.lambda$execute$0(ThreadUtil.java:58)
	at java.base/java.util.concurrent.FutureTask.run(FutureTask.java:264)
	at java.base/java.util.concurrent.ThreadPoolExecutor.runWorker(ThreadPoolExecutor.java:1136)
	at java.base/java.util.concurrent.ThreadPoolExecutor$Worker.run(ThreadPoolExecutor.java:635)
	at java.base/java.lang.Thread.run(Thread.java:833)

[ERROR] com.zensar.runner.ASWorkOrderListPage.setUpClass[not @42](0) -- Time elapsed: 0.100 s <<< FAILURE!
java.lang.NoClassDefFoundError: Could not initialize class com.zensar.utilities.RuntimeAnnotations
	at com.zensar.runner.ASWorkOrderListPage.setUpClass(ASWorkOrderListPage.java:25)
	at java.base/jdk.internal.reflect.NativeMethodAccessorImpl.invoke0(Native Method)
	at java.base/jdk.internal.reflect.NativeMethodAccessorImpl.invoke(NativeMethodAccessorImpl.java:77)
	at java.base/jdk.internal.reflect.DelegatingMethodAccessorImpl.invoke(DelegatingMethodAccessorImpl.java:43)
	at java.base/java.lang.reflect.Method.invoke(Method.java:568)
	at org.testng.internal.invokers.MethodInvocationHelper.invokeMethod(MethodInvocationHelper.java:139)
	at org.testng.internal.invokers.MethodInvocationHelper.invokeMethodConsideringTimeout(MethodInvocationHelper.java:69)
	at org.testng.internal.invokers.ConfigInvoker.invokeConfigurationMethod(ConfigInvoker.java:393)
	at org.testng.internal.invokers.ConfigInvoker.invokeConfigurations(ConfigInvoker.java:326)
	at org.testng.internal.invokers.TestMethodWorker.invokeBeforeClassMethods(TestMethodWorker.java:180)
	at org.testng.internal.invokers.TestMethodWorker.run(TestMethodWorker.java:122)
	at java.base/java.util.ArrayList.forEach(ArrayList.java:1511)
	at org.testng.TestRunner.privateRun(TestRunner.java:819)
	at org.testng.TestRunner.run(TestRunner.java:619)
	at org.testng.SuiteRunner.runTest(SuiteRunner.java:443)
	at org.testng.SuiteRunner$SuiteWorker.run(SuiteRunner.java:481)
	at org.testng.internal.thread.ThreadUtil.lambda$execute$0(ThreadUtil.java:58)
	at java.base/java.util.concurrent.FutureTask.run(FutureTask.java:264)
	at java.base/java.util.concurrent.ThreadPoolExecutor.runWorker(ThreadPoolExecutor.java:1136)
	at java.base/java.util.concurrent.ThreadPoolExecutor$Worker.run(ThreadPoolExecutor.java:635)
	at java.base/java.lang.Thread.run(Thread.java:833)

[ERROR] com.zensar.runner.ASWorkOrderListPage.feature -- Time elapsed: 0.101 s <<< FAILURE!
java.lang.RuntimeException: java.lang.NullPointerException: Cannot invoke "cucumber.api.testng.TestNGCucumberRunner.provideScenarios()" because "this.testNGCucumberRunner" is null
	at org.testng.internal.invokers.MethodInvocationHelper.invokeMethodNoCheckedException(MethodInvocationHelper.java:57)
	at org.testng.internal.invokers.MethodInvocationHelper.invokeDataProvider(MethodInvocationHelper.java:157)
	at org.testng.internal.Parameters.handleParameters(Parameters.java:812)
	at org.testng.internal.Parameters.handleParameters(Parameters.java:737)
	at org.testng.internal.invokers.ParameterHandler.handleParameters(ParameterHandler.java:72)
	at org.testng.internal.invokers.ParameterHandler.createParameters(ParameterHandler.java:51)
	at org.testng.internal.invokers.TestInvoker$MethodInvocationAgent.invoke(TestInvoker.java:915)
	at org.testng.internal.invokers.TestInvoker.invokeTestMethods(TestInvoker.java:201)
	at org.testng.internal.invokers.TestMethodWorker.invokeTestMethods(TestMethodWorker.java:148)
	at org.testng.internal.invokers.TestMethodWorker.run(TestMethodWorker.java:128)
	at java.base/java.util.ArrayList.forEach(ArrayList.java:1511)
	at org.testng.TestRunner.privateRun(TestRunner.java:819)
	at org.testng.TestRunner.run(TestRunner.java:619)
	at org.testng.SuiteRunner.runTest(SuiteRunner.java:443)
	at org.testng.SuiteRunner$SuiteWorker.run(SuiteRunner.java:481)
	at org.testng.internal.thread.ThreadUtil.lambda$execute$0(ThreadUtil.java:58)
	at java.base/java.util.concurrent.FutureTask.run(FutureTask.java:264)
	at java.base/java.util.concurrent.ThreadPoolExecutor.runWorker(ThreadPoolExecutor.java:1136)
	at java.base/java.util.concurrent.ThreadPoolExecutor$Worker.run(ThreadPoolExecutor.java:635)
	at java.base/java.lang.Thread.run(Thread.java:833)
Caused by: java.lang.NullPointerException: Cannot invoke "cucumber.api.testng.TestNGCucumberRunner.provideScenarios()" because "this.testNGCucumberRunner" is null
	at com.zensar.runner.ASWorkOrderListPage.scenarios(ASWorkOrderListPage.java:67)
	at java.base/jdk.internal.reflect.NativeMethodAccessorImpl.invoke0(Native Method)
	at java.base/jdk.internal.reflect.NativeMethodAccessorImpl.invoke(NativeMethodAccessorImpl.java:77)
	at java.base/jdk.internal.reflect.DelegatingMethodAccessorImpl.invoke(DelegatingMethodAccessorImpl.java:43)
	at java.base/java.lang.reflect.Method.invoke(Method.java:568)
	at org.testng.internal.invokers.MethodInvocationHelper.invokeMethod(MethodInvocationHelper.java:139)
	at org.testng.internal.invokers.MethodInvocationHelper.invokeMethod(MethodInvocationHelper.java:84)
	at org.testng.internal.invokers.MethodInvocationHelper.invokeMethodNoCheckedException(MethodInvocationHelper.java:53)
	... 19 more

[ERROR] com.zensar.runner.ASWorkOrderListPage.tearDownClass -- Time elapsed: 0.102 s <<< FAILURE!
java.lang.NullPointerException: Cannot invoke "cucumber.api.testng.TestNGCucumberRunner.finish()" because "this.testNGCucumberRunner" is null
	at com.zensar.runner.ASWorkOrderListPage.tearDownClass(ASWorkOrderListPage.java:72)
	at java.base/jdk.internal.reflect.NativeMethodAccessorImpl.invoke0(Native Method)
	at java.base/jdk.internal.reflect.NativeMethodAccessorImpl.invoke(NativeMethodAccessorImpl.java:77)
	at java.base/jdk.internal.reflect.DelegatingMethodAccessorImpl.invoke(DelegatingMethodAccessorImpl.java:43)
	at java.base/java.lang.reflect.Method.invoke(Method.java:568)
	at org.testng.internal.invokers.MethodInvocationHelper.invokeMethod(MethodInvocationHelper.java:139)
	at org.testng.internal.invokers.MethodInvocationHelper.invokeMethodConsideringTimeout(MethodInvocationHelper.java:69)
	at org.testng.internal.invokers.ConfigInvoker.invokeConfigurationMethod(ConfigInvoker.java:393)
	at org.testng.internal.invokers.ConfigInvoker.invokeConfigurations(ConfigInvoker.java:326)
	at org.testng.internal.invokers.TestMethodWorker.invokeAfterClassConfigurations(TestMethodWorker.java:229)
	at org.testng.internal.invokers.TestMethodWorker.invokeAfterClassMethods(TestMethodWorker.java:215)
	at org.testng.internal.invokers.TestMethodWorker.run(TestMethodWorker.java:131)
	at java.base/java.util.ArrayList.forEach(ArrayList.java:1511)
	at org.testng.TestRunner.privateRun(TestRunner.java:819)
	at org.testng.TestRunner.run(TestRunner.java:619)
	at org.testng.SuiteRunner.runTest(SuiteRunner.java:443)
	at org.testng.SuiteRunner$SuiteWorker.run(SuiteRunner.java:481)
	at org.testng.internal.thread.ThreadUtil.lambda$execute$0(ThreadUtil.java:58)
	at java.base/java.util.concurrent.FutureTask.run(FutureTask.java:264)
	at java.base/java.util.concurrent.ThreadPoolExecutor.runWorker(ThreadPoolExecutor.java:1136)
	at java.base/java.util.concurrent.ThreadPoolExecutor$Worker.run(ThreadPoolExecutor.java:635)
	at java.base/java.lang.Thread.run(Thread.java:833)

[ERROR] com.zensar.runner.Sanity.setUpClass[not @42](0) -- Time elapsed: 0.112 s <<< FAILURE!
java.lang.NoClassDefFoundError: Could not initialize class com.zensar.utilities.RuntimeAnnotations
	at com.zensar.runner.Sanity.setUpClass(Sanity.java:25)
	at java.base/jdk.internal.reflect.NativeMethodAccessorImpl.invoke0(Native Method)
	at java.base/jdk.internal.reflect.NativeMethodAccessorImpl.invoke(NativeMethodAccessorImpl.java:77)
	at java.base/jdk.internal.reflect.DelegatingMethodAccessorImpl.invoke(DelegatingMethodAccessorImpl.java:43)
	at java.base/java.lang.reflect.Method.invoke(Method.java:568)
	at org.testng.internal.invokers.MethodInvocationHelper.invokeMethod(MethodInvocationHelper.java:139)
	at org.testng.internal.invokers.MethodInvocationHelper.invokeMethodConsideringTimeout(MethodInvocationHelper.java:69)
	at org.testng.internal.invokers.ConfigInvoker.invokeConfigurationMethod(ConfigInvoker.java:393)
	at org.testng.internal.invokers.ConfigInvoker.invokeConfigurations(ConfigInvoker.java:326)
	at org.testng.internal.invokers.TestMethodWorker.invokeBeforeClassMethods(TestMethodWorker.java:180)
	at org.testng.internal.invokers.TestMethodWorker.run(TestMethodWorker.java:122)
	at java.base/java.util.ArrayList.forEach(ArrayList.java:1511)
	at org.testng.TestRunner.privateRun(TestRunner.java:819)
	at org.testng.TestRunner.run(TestRunner.java:619)
	at org.testng.SuiteRunner.runTest(SuiteRunner.java:443)
	at org.testng.SuiteRunner$SuiteWorker.run(SuiteRunner.java:481)
	at org.testng.internal.thread.ThreadUtil.lambda$execute$0(ThreadUtil.java:58)
	at java.base/java.util.concurrent.FutureTask.run(FutureTask.java:264)
	at java.base/java.util.concurrent.ThreadPoolExecutor.runWorker(ThreadPoolExecutor.java:1136)
	at java.base/java.util.concurrent.ThreadPoolExecutor$Worker.run(ThreadPoolExecutor.java:635)
	at java.base/java.lang.Thread.run(Thread.java:833)

[ERROR] com.zensar.runner.Sanity.feature -- Time elapsed: 0.114 s <<< FAILURE!
java.lang.RuntimeException: java.lang.NullPointerException: Cannot invoke "cucumber.api.testng.TestNGCucumberRunner.provideScenarios()" because "this.testNGCucumberRunner" is null
	at org.testng.internal.invokers.MethodInvocationHelper.invokeMethodNoCheckedException(MethodInvocationHelper.java:57)
	at org.testng.internal.invokers.MethodInvocationHelper.invokeDataProvider(MethodInvocationHelper.java:157)
	at org.testng.internal.Parameters.handleParameters(Parameters.java:812)
	at org.testng.internal.Parameters.handleParameters(Parameters.java:737)
	at org.testng.internal.invokers.ParameterHandler.handleParameters(ParameterHandler.java:72)
	at org.testng.internal.invokers.ParameterHandler.createParameters(ParameterHandler.java:51)
	at org.testng.internal.invokers.TestInvoker$MethodInvocationAgent.invoke(TestInvoker.java:915)
	at org.testng.internal.invokers.TestInvoker.invokeTestMethods(TestInvoker.java:201)
	at org.testng.internal.invokers.TestMethodWorker.invokeTestMethods(TestMethodWorker.java:148)
	at org.testng.internal.invokers.TestMethodWorker.run(TestMethodWorker.java:128)
	at java.base/java.util.ArrayList.forEach(ArrayList.java:1511)
	at org.testng.TestRunner.privateRun(TestRunner.java:819)
	at org.testng.TestRunner.run(TestRunner.java:619)
	at org.testng.SuiteRunner.runTest(SuiteRunner.java:443)
	at org.testng.SuiteRunner$SuiteWorker.run(SuiteRunner.java:481)
	at org.testng.internal.thread.ThreadUtil.lambda$execute$0(ThreadUtil.java:58)
	at java.base/java.util.concurrent.FutureTask.run(FutureTask.java:264)
	at java.base/java.util.concurrent.ThreadPoolExecutor.runWorker(ThreadPoolExecutor.java:1136)
	at java.base/java.util.concurrent.ThreadPoolExecutor$Worker.run(ThreadPoolExecutor.java:635)
	at java.base/java.lang.Thread.run(Thread.java:833)
Caused by: java.lang.NullPointerException: Cannot invoke "cucumber.api.testng.TestNGCucumberRunner.provideScenarios()" because "this.testNGCucumberRunner" is null
	at com.zensar.runner.Sanity.scenarios(Sanity.java:67)
	at java.base/jdk.internal.reflect.NativeMethodAccessorImpl.invoke0(Native Method)
	at java.base/jdk.internal.reflect.NativeMethodAccessorImpl.invoke(NativeMethodAccessorImpl.java:77)
	at java.base/jdk.internal.reflect.DelegatingMethodAccessorImpl.invoke(DelegatingMethodAccessorImpl.java:43)
	at java.base/java.lang.reflect.Method.invoke(Method.java:568)
	at org.testng.internal.invokers.MethodInvocationHelper.invokeMethod(MethodInvocationHelper.java:139)
	at org.testng.internal.invokers.MethodInvocationHelper.invokeMethod(MethodInvocationHelper.java:84)
	at org.testng.internal.invokers.MethodInvocationHelper.invokeMethodNoCheckedException(MethodInvocationHelper.java:53)
	... 19 more

[ERROR] com.zensar.runner.Sanity.tearDownClass -- Time elapsed: 0.115 s <<< FAILURE!
java.lang.NullPointerException: Cannot invoke "cucumber.api.testng.TestNGCucumberRunner.finish()" because "this.testNGCucumberRunner" is null
	at com.zensar.runner.Sanity.tearDownClass(Sanity.java:72)
	at java.base/jdk.internal.reflect.NativeMethodAccessorImpl.invoke0(Native Method)
	at java.base/jdk.internal.reflect.NativeMethodAccessorImpl.invoke(NativeMethodAccessorImpl.java:77)
	at java.base/jdk.internal.reflect.DelegatingMethodAccessorImpl.invoke(DelegatingMethodAccessorImpl.java:43)
	at java.base/java.lang.reflect.Method.invoke(Method.java:568)
	at org.testng.internal.invokers.MethodInvocationHelper.invokeMethod(MethodInvocationHelper.java:139)
	at org.testng.internal.invokers.MethodInvocationHelper.invokeMethodConsideringTimeout(MethodInvocationHelper.java:69)
	at org.testng.internal.invokers.ConfigInvoker.invokeConfigurationMethod(ConfigInvoker.java:393)
	at org.testng.internal.invokers.ConfigInvoker.invokeConfigurations(ConfigInvoker.java:326)
	at org.testng.internal.invokers.TestMethodWorker.invokeAfterClassConfigurations(TestMethodWorker.java:229)
	at org.testng.internal.invokers.TestMethodWorker.invokeAfterClassMethods(TestMethodWorker.java:215)
	at org.testng.internal.invokers.TestMethodWorker.run(TestMethodWorker.java:131)
	at java.base/java.util.ArrayList.forEach(ArrayList.java:1511)
	at org.testng.TestRunner.privateRun(TestRunner.java:819)
	at org.testng.TestRunner.run(TestRunner.java:619)
	at org.testng.SuiteRunner.runTest(SuiteRunner.java:443)
	at org.testng.SuiteRunner$SuiteWorker.run(SuiteRunner.java:481)
	at org.testng.internal.thread.ThreadUtil.lambda$execute$0(ThreadUtil.java:58)
	at java.base/java.util.concurrent.FutureTask.run(FutureTask.java:264)
	at java.base/java.util.concurrent.ThreadPoolExecutor.runWorker(ThreadPoolExecutor.java:1136)
	at java.base/java.util.concurrent.ThreadPoolExecutor$Worker.run(ThreadPoolExecutor.java:635)
	at java.base/java.lang.Thread.run(Thread.java:833)

[ERROR] com.zensar.runner.Regression.setUpClass[not @42](0) -- Time elapsed: 0.124 s <<< FAILURE!
java.lang.NoClassDefFoundError: Could not initialize class com.zensar.utilities.RuntimeAnnotations
	at com.zensar.runner.Regression.setUpClass(Regression.java:25)
	at java.base/jdk.internal.reflect.NativeMethodAccessorImpl.invoke0(Native Method)
	at java.base/jdk.internal.reflect.NativeMethodAccessorImpl.invoke(NativeMethodAccessorImpl.java:77)
	at java.base/jdk.internal.reflect.DelegatingMethodAccessorImpl.invoke(DelegatingMethodAccessorImpl.java:43)
	at java.base/java.lang.reflect.Method.invoke(Method.java:568)
	at org.testng.internal.invokers.MethodInvocationHelper.invokeMethod(MethodInvocationHelper.java:139)
	at org.testng.internal.invokers.MethodInvocationHelper.invokeMethodConsideringTimeout(MethodInvocationHelper.java:69)
	at org.testng.internal.invokers.ConfigInvoker.invokeConfigurationMethod(ConfigInvoker.java:393)
	at org.testng.internal.invokers.ConfigInvoker.invokeConfigurations(ConfigInvoker.java:326)
	at org.testng.internal.invokers.TestMethodWorker.invokeBeforeClassMethods(TestMethodWorker.java:180)
	at org.testng.internal.invokers.TestMethodWorker.run(TestMethodWorker.java:122)
	at java.base/java.util.ArrayList.forEach(ArrayList.java:1511)
	at org.testng.TestRunner.privateRun(TestRunner.java:819)
	at org.testng.TestRunner.run(TestRunner.java:619)
	at org.testng.SuiteRunner.runTest(SuiteRunner.java:443)
	at org.testng.SuiteRunner$SuiteWorker.run(SuiteRunner.java:481)
	at org.testng.internal.thread.ThreadUtil.lambda$execute$0(ThreadUtil.java:58)
	at java.base/java.util.concurrent.FutureTask.run(FutureTask.java:264)
	at java.base/java.util.concurrent.ThreadPoolExecutor.runWorker(ThreadPoolExecutor.java:1136)
	at java.base/java.util.concurrent.ThreadPoolExecutor$Worker.run(ThreadPoolExecutor.java:635)
	at java.base/java.lang.Thread.run(Thread.java:833)

[ERROR] com.zensar.runner.Regression.feature -- Time elapsed: 0.124 s <<< FAILURE!
java.lang.RuntimeException: java.lang.NullPointerException: Cannot invoke "cucumber.api.testng.TestNGCucumberRunner.provideScenarios()" because "this.testNGCucumberRunner" is null
	at org.testng.internal.invokers.MethodInvocationHelper.invokeMethodNoCheckedException(MethodInvocationHelper.java:57)
	at org.testng.internal.invokers.MethodInvocationHelper.invokeDataProvider(MethodInvocationHelper.java:157)
	at org.testng.internal.Parameters.handleParameters(Parameters.java:812)
	at org.testng.internal.Parameters.handleParameters(Parameters.java:737)
	at org.testng.internal.invokers.ParameterHandler.handleParameters(ParameterHandler.java:72)
	at org.testng.internal.invokers.ParameterHandler.createParameters(ParameterHandler.java:51)
	at org.testng.internal.invokers.TestInvoker$MethodInvocationAgent.invoke(TestInvoker.java:915)
	at org.testng.internal.invokers.TestInvoker.invokeTestMethods(TestInvoker.java:201)
	at org.testng.internal.invokers.TestMethodWorker.invokeTestMethods(TestMethodWorker.java:148)
	at org.testng.internal.invokers.TestMethodWorker.run(TestMethodWorker.java:128)
	at java.base/java.util.ArrayList.forEach(ArrayList.java:1511)
	at org.testng.TestRunner.privateRun(TestRunner.java:819)
	at org.testng.TestRunner.run(TestRunner.java:619)
	at org.testng.SuiteRunner.runTest(SuiteRunner.java:443)
	at org.testng.SuiteRunner$SuiteWorker.run(SuiteRunner.java:481)
	at org.testng.internal.thread.ThreadUtil.lambda$execute$0(ThreadUtil.java:58)
	at java.base/java.util.concurrent.FutureTask.run(FutureTask.java:264)
	at java.base/java.util.concurrent.ThreadPoolExecutor.runWorker(ThreadPoolExecutor.java:1136)
	at java.base/java.util.concurrent.ThreadPoolExecutor$Worker.run(ThreadPoolExecutor.java:635)
	at java.base/java.lang.Thread.run(Thread.java:833)
Caused by: java.lang.NullPointerException: Cannot invoke "cucumber.api.testng.TestNGCucumberRunner.provideScenarios()" because "this.testNGCucumberRunner" is null
	at com.zensar.runner.Regression.scenarios(Regression.java:67)
	at java.base/jdk.internal.reflect.NativeMethodAccessorImpl.invoke0(Native Method)
	at java.base/jdk.internal.reflect.NativeMethodAccessorImpl.invoke(NativeMethodAccessorImpl.java:77)
	at java.base/jdk.internal.reflect.DelegatingMethodAccessorImpl.invoke(DelegatingMethodAccessorImpl.java:43)
	at java.base/java.lang.reflect.Method.invoke(Method.java:568)
	at org.testng.internal.invokers.MethodInvocationHelper.invokeMethod(MethodInvocationHelper.java:139)
	at org.testng.internal.invokers.MethodInvocationHelper.invokeMethod(MethodInvocationHelper.java:84)
	at org.testng.internal.invokers.MethodInvocationHelper.invokeMethodNoCheckedException(MethodInvocationHelper.java:53)
	... 19 more

[ERROR] com.zensar.runner.Regression.tearDownClass -- Time elapsed: 0.124 s <<< FAILURE!
java.lang.NullPointerException: Cannot invoke "cucumber.api.testng.TestNGCucumberRunner.finish()" because "this.testNGCucumberRunner" is null
	at com.zensar.runner.Regression.tearDownClass(Regression.java:72)
	at java.base/jdk.internal.reflect.NativeMethodAccessorImpl.invoke0(Native Method)
	at java.base/jdk.internal.reflect.NativeMethodAccessorImpl.invoke(NativeMethodAccessorImpl.java:77)
	at java.base/jdk.internal.reflect.DelegatingMethodAccessorImpl.invoke(DelegatingMethodAccessorImpl.java:43)
	at java.base/java.lang.reflect.Method.invoke(Method.java:568)
	at org.testng.internal.invokers.MethodInvocationHelper.invokeMethod(MethodInvocationHelper.java:139)
	at org.testng.internal.invokers.MethodInvocationHelper.invokeMethodConsideringTimeout(MethodInvocationHelper.java:69)
	at org.testng.internal.invokers.ConfigInvoker.invokeConfigurationMethod(ConfigInvoker.java:393)
	at org.testng.internal.invokers.ConfigInvoker.invokeConfigurations(ConfigInvoker.java:326)
	at org.testng.internal.invokers.TestMethodWorker.invokeAfterClassConfigurations(TestMethodWorker.java:229)
	at org.testng.internal.invokers.TestMethodWorker.invokeAfterClassMethods(TestMethodWorker.java:215)
	at org.testng.internal.invokers.TestMethodWorker.run(TestMethodWorker.java:131)
	at java.base/java.util.ArrayList.forEach(ArrayList.java:1511)
	at org.testng.TestRunner.privateRun(TestRunner.java:819)
	at org.testng.TestRunner.run(TestRunner.java:619)
	at org.testng.SuiteRunner.runTest(SuiteRunner.java:443)
	at org.testng.SuiteRunner$SuiteWorker.run(SuiteRunner.java:481)
	at org.testng.internal.thread.ThreadUtil.lambda$execute$0(ThreadUtil.java:58)
	at java.base/java.util.concurrent.FutureTask.run(FutureTask.java:264)
	at java.base/java.util.concurrent.ThreadPoolExecutor.runWorker(ThreadPoolExecutor.java:1136)
	at java.base/java.util.concurrent.ThreadPoolExecutor$Worker.run(ThreadPoolExecutor.java:635)
	at java.base/java.lang.Thread.run(Thread.java:833)

[INFO] 
[INFO] Results:
[INFO] 
[ERROR] Failures: 
[ERROR]   ASCertificationPage.feature  Runtime java.lang.NullPointerException: Cannot invoke "cucumber.api.testng.TestNGCucumberRunner.provideScenarios()" because "this.testNGCucumberRunner" is null
[ERROR]   ASCertificationPage.setUpClass:25 NoClassDefFound Could not initialize class com.zensar.utilities.RuntimeAnnotations
[ERROR]   ASCertificationPage.tearDownClass:72 NullPointer Cannot invoke "cucumber.api.testng.TestNGCucumberRunner.finish()" because "this.testNGCucumberRunner" is null
[ERROR]   ASLandingPage.feature  Runtime java.lang.NullPointerException: Cannot invoke "cucumber.api.testng.TestNGCucumberRunner.provideScenarios()" because "this.testNGCucumberRunner" is null
[ERROR]   ASLandingPage.setUpClass:25 NoClassDefFound Could not initialize class com.zensar.utilities.RuntimeAnnotations
[ERROR]   ASLandingPage.tearDownClass:72 NullPointer Cannot invoke "cucumber.api.testng.TestNGCucumberRunner.finish()" because "this.testNGCucumberRunner" is null
[ERROR]   ASSiteListPage.feature  Runtime java.lang.NullPointerException: Cannot invoke "cucumber.api.testng.TestNGCucumberRunner.provideScenarios()" because "this.testNGCucumberRunner" is null
[ERROR]   ASSiteListPage.setUpClass:25 NoClassDefFound Could not initialize class com.zensar.utilities.RuntimeAnnotations
[ERROR]   ASSiteListPage.tearDownClass:72 NullPointer Cannot invoke "cucumber.api.testng.TestNGCucumberRunner.finish()" because "this.testNGCucumberRunner" is null
[ERROR]   ASWorkOrderListPage.feature  Runtime java.lang.NullPointerException: Cannot invoke "cucumber.api.testng.TestNGCucumberRunner.provideScenarios()" because "this.testNGCucumberRunner" is null
[ERROR]   ASWorkOrderListPage.setUpClass:25 NoClassDefFound Could not initialize class com.zensar.utilities.RuntimeAnnotations
[ERROR]   ASWorkOrderListPage.tearDownClass:72 NullPointer Cannot invoke "cucumber.api.testng.TestNGCucumberRunner.finish()" because "this.testNGCucumberRunner" is null
[ERROR]   Debugger.feature  Runtime java.lang.NullPointerException: Cannot invoke "cucumber.api.testng.TestNGCucumberRunner.provideScenarios()" because "this.testNGCucumberRunner" is null
[ERROR]   Debugger.setUpClass:25 NoClassDefFound Could not initialize class com.zensar.utilities.RuntimeAnnotations
[ERROR]   Debugger.tearDownClass:72 NullPointer Cannot invoke "cucumber.api.testng.TestNGCucumberRunner.finish()" because "this.testNGCucumberRunner" is null
[ERROR]   Regression.feature  Runtime java.lang.NullPointerException: Cannot invoke "cucumber.api.testng.TestNGCucumberRunner.provideScenarios()" because "this.testNGCucumberRunner" is null
[ERROR]   Regression.setUpClass:25 NoClassDefFound Could not initialize class com.zensar.utilities.RuntimeAnnotations
[ERROR]   Regression.tearDownClass:72 NullPointer Cannot invoke "cucumber.api.testng.TestNGCucumberRunner.finish()" because "this.testNGCucumberRunner" is null
[ERROR]   Sanity.feature  Runtime java.lang.NullPointerException: Cannot invoke "cucumber.api.testng.TestNGCucumberRunner.provideScenarios()" because "this.testNGCucumberRunner" is null
[ERROR]   Sanity.setUpClass:25 NoClassDefFound Could not initialize class com.zensar.utilities.RuntimeAnnotations
[ERROR]   Sanity.tearDownClass:72 NullPointer Cannot invoke "cucumber.api.testng.TestNGCucumberRunner.finish()" because "this.testNGCucumberRunner" is null
[ERROR]   TestRunner1.setUpClass:25 ExceptionInInitializer
[ERROR]   TestRunner2.feature  Runtime java.lang.NullPointerException: Cannot invoke "cucumber.api.testng.TestNGCucumberRunner.provideScenarios()" because "this.testNGCucumberRunner" is null
[ERROR]   TestRunner2.setUpClass:25 NoClassDefFound Could not initialize class com.zensar.utilities.RuntimeAnnotations
[ERROR]   TestRunner2.tearDownClass:72 NullPointer Cannot invoke "cucumber.api.testng.TestNGCucumberRunner.finish()" because "this.testNGCucumberRunner" is null
[ERROR]   TestRunner3.feature  Runtime java.lang.NullPointerException: Cannot invoke "cucumber.api.testng.TestNGCucumberRunner.provideScenarios()" because "this.testNGCucumberRunner" is null
[ERROR]   TestRunner3.setUpClass:25 NoClassDefFound Could not initialize class com.zensar.utilities.RuntimeAnnotations
[ERROR]   TestRunner3.tearDownClass:72 NullPointer Cannot invoke "cucumber.api.testng.TestNGCucumberRunner.finish()" because "this.testNGCucumberRunner" is null
[INFO] 
[ERROR] Tests run: 42, Failures: 28, Errors: 0, Skipped: 10
[INFO] 
[INFO] ------------------------------------------------------------------------
[INFO] BUILD FAILURE
[INFO] ------------------------------------------------------------------------
[INFO] Total time:  7.454 s
[INFO] Finished at: 2024-04-02T14:16:34+05:30
[INFO] ------------------------------------------------------------------------
[ERROR] Failed to execute goal org.apache.maven.plugins:maven-surefire-plugin:3.2.5:test (default-test) on project SITA_Monitoring: There are test failures.
[ERROR] 
[ERROR] Please refer to C:\Users\satish\Documents\workspace-spring-tool-suite-4-4.19.0.RELEASE\Sita-master\target\surefire-reports for the individual test results.
[ERROR] Please refer to dump files (if any exist) [date].dump, [date]-jvmRun[N].dump and [date].dumpstream.
[ERROR] -> [Help 1]
[ERROR] 
[ERROR] To see the full stack trace of the errors, re-run Maven with the -e switch.
[ERROR] Re-run Maven using the -X switch to enable full debug logging.
[ERROR] 
[ERROR] For more information about the errors and possible solutions, please read the following articles:
[ERROR] [Help 1] http://cwiki.apache.org/confluence/display/MAVEN/MojoFailureException
