<?xml version="1.0" encoding="UTF-8"?>
<!-- Generated by org.testng.reporters.JUnitXMLReporter -->
<testsuite ignored="0" hostname="LAPTOP-J0OCRG38" failures="0" tests="1" name="Runner 10" time="0.047" errors="0" timestamp="2024-04-02T16:09:50 IST">
  <testcase classname="com.zensar.runner.ASWorkOrderListPage" name="@BeforeClass setUpClass" time="0.002">
    <failure type="java.lang.NoClassDefFoundError" message="Could not initialize class com.zensar.utilities.RuntimeAnnotations">
      <![CDATA[java.lang.NoClassDefFoundError: Could not initialize class com.zensar.utilities.RuntimeAnnotations
at com.zensar.runner.ASWorkOrderListPage.setUpClass(ASWorkOrderListPage.java:25)
at java.base/java.util.ArrayList.forEach(ArrayList.java:1511)
at java.base/java.util.concurrent.FutureTask.run(FutureTask.java:264)
at java.base/java.util.concurrent.ThreadPoolExecutor.runWorker(ThreadPoolExecutor.java:1136)
at java.base/java.util.concurrent.ThreadPoolExecutor$Worker.run(ThreadPoolExecutor.java:635)
at java.base/java.lang.Thread.run(Thread.java:833)
at com.zensar.utilities.RuntimeAnnotations.<clinit>(RuntimeAnnotations.java:34)
at com.zensar.runner.TestRunner1.setUpClass(TestRunner1.java:25)
... 20 more
... Removed 20 stack frames]]>
    </failure>
  </testcase> <!-- @BeforeClass setUpClass -->
  <testcase classname="com.zensar.runner.ASWorkOrderListPage" name="@AfterClass teardown" time="0.0">
    <skipped/>
  </testcase> <!-- @AfterClass teardown -->
  <testcase classname="com.zensar.runner.ASSiteListPage" name="feature" time="0.0">
    <skipped/>
  </testcase> <!-- feature -->
</testsuite> <!-- Runner 10 -->
