<?xml version="1.0" encoding="UTF-8"?>
<!-- Generated by org.testng.reporters.JUnitXMLReporter -->
<testsuite ignored="0" hostname="LAPTOP-J0OCRG38" failures="0" tests="0" name="Runner 8" time="0.016" errors="0" timestamp="2024-04-02T16:09:50 IST">
  <testcase classname="com.zensar.runner.ASLandingPage" name="@BeforeClass setUpClass" time="0.001">
    <failure type="java.lang.NoClassDefFoundError" message="Could not initialize class com.zensar.utilities.RuntimeAnnotations">
      <![CDATA[java.lang.NoClassDefFoundError: Could not initialize class com.zensar.utilities.RuntimeAnnotations
at com.zensar.runner.ASLandingPage.setUpClass(ASLandingPage.java:25)
at java.base/java.util.ArrayList.forEach(ArrayList.java:1511)
at java.base/java.util.concurrent.FutureTask.run(FutureTask.java:264)
at java.base/java.util.concurrent.ThreadPoolExecutor.runWorker(ThreadPoolExecutor.java:1136)
at java.base/java.util.concurrent.ThreadPoolExecutor$Worker.run(ThreadPoolExecutor.java:635)
at java.base/java.lang.Thread.run(Thread.java:833)
at com.zensar.utilities.RuntimeAnnotations.<clinit>(RuntimeAnnotations.java:34)
at com.zensar.runner.TestRunner1.setUpClass(TestRunner1.java:25)
... 20 more
... Removed 20 stack frames]]>
    </failure>
  </testcase> <!-- @BeforeClass setUpClass -->
</testsuite> <!-- Runner 8 -->
